#
# A fatal error has been detected by the Java Runtime Environment:
#
#  SIGSEGV (0xb) at pc=0x00007fffdf8ba49d, pid=763, tid=0x0000000000000307
#
# JRE version: Java(TM) SE Runtime Environment (8.0_131-b11) (build 1.8.0_131-b11)
# Java VM: Java HotSpot(TM) 64-Bit Server VM (25.131-b11 mixed mode bsd-amd64 compressed oops)
# Problematic frame:
# C  [libobjc.A.dylib+0x849d]  _class_initialize+0x27
#
# Failed to write core dump. Core dumps have been disabled. To enable core dumping, try "ulimit -c unlimited" before starting Java again
#
# If you would like to submit a bug report, please visit:
#   http://bugreport.java.com/bugreport/crash.jsp
# The crash happened outside the Java Virtual Machine in native code.
# See problematic frame for where to report the bug.
#

---------------  T H R E A D  ---------------

Current thread (0x00007fa91b91e800):  JavaThread "AWT-AppKit" daemon [_thread_in_native, id=775, stack(0x00007fff54a70000,0x00007fff55270000)]

siginfo: si_signo: 11 (SIGSEGV), si_code: 1 (SEGV_MAPERR), si_addr: 0x00000000000007e8

Registers:
RAX=0x00007fffe595ee60, RBX=0x00007fffe595ee60, RCX=0x0000000000000000, RDX=0x0000000000000000
RSP=0x00007fff5526b210, RBP=0x00007fff5526b260, RSI=0x00007fffe8f5c2e8, RDI=0x00007fffe595ee60
R8 =0x0000000000d67f00, R9 =0x0000000000000000, R10=0x00d67f0100d67f83, R11=0x0000000000d67f00
R12=0x00007ffffffffff8, R13=0x00007fffe595ee60, R14=0x00000000000007c8, R15=0x00007fffe595ee60
RIP=0x00007fffdf8ba49d, EFLAGS=0x0000000000010202, ERR=0x0000000000000004
  TRAPNO=0x000000000000000e

Top of Stack: (sp=0x00007fff5526b210)
0x00007fff5526b210:   00007fffe5a4e1b8 00007fa920037500
0x00007fff5526b220:   00007fff5526b260 00007fffdf8ba448
0x00007fff5526b230:   00007fffe8f5c2d0 00007fffe595ee60
0x00007fff5526b240:   00007fffc9153116 00007fffe595ee60
0x00007fff5526b250:   00007fffe8f5c2d0 00007fa920037500
0x00007fff5526b260:   00007fff5526b2c0 00007fffdf8ba05b
0x00007fff5526b270:   000000005526b2d0 00007fffca9de6cc
0x00007fff5526b280:   0000000123a45000 00007fffe595ee60
0x00007fff5526b290:   000000015526ffff 00000001554f7450
0x00007fff5526b2a0:   0000000000000000 0000000159fe7620
0x00007fff5526b2b0:   00000001554f7440 00007fa91b91e800
0x00007fff5526b2c0:   00007fff5526b390 00007fffdf8b9ad4
0x00007fff5526b2d0:   00007fa91d400f90 0000000000000018
0x00007fff5526b2e0:   00007fa91d400f70 0000000000000000
0x00007fff5526b2f0:   00007fffc9153116 00007fa920037500
0x00007fff5526b300:   00007fa9200361b0 00007fff5526b38f
0x00007fff5526b310:   0000000000000000 0000000000000000
0x00007fff5526b320:   00000000000000ff 0000000000000000
0x00007fff5526b330:   0000000000000000 0000000000000000
0x00007fff5526b340:   6f63616d5f747761 534f63614d5f7873
0x00007fff5526b350:   534f63614d5f7873 6e69575457414a58
0x00007fff5526b360:   0000000044610000 0000000000000000
0x00007fff5526b370:   0000006144334000 0000000000000000
0x00007fff5526b380:   0000000044e10000 0000000000000000
0x00007fff5526b390:   00007fff5526b450 00000001554f5157
0x00007fff5526b3a0:   00007fff5526b3f0 0000000000000003
0x00007fff5526b3b0:   00007fff5526b3d0 000000010b5f36d2
0x00007fff5526b3c0:   0000000159fe7620 0000000159fe7620
0x00007fff5526b3d0:   00007fa9200361b0 00000001554f76a0
0x00007fff5526b3e0:   00000001554f7710 00007fffe591d6d0
0x00007fff5526b3f0:   00007fffe654d1e0 00000001554f7450
0x00007fff5526b400:   00000001554f7690 00007fa9200361b0 

Instructions: (pc=0x00007fffdf8ba49d)
0x00007fffdf8ba47d:   56 41 55 41 54 53 48 83 ec 28 49 89 ff 49 bc f8
0x00007fffdf8ba48d:   ff ff ff ff 7f 00 00 4d 8b 77 08 4d 85 f6 74 2e
0x00007fffdf8ba49d:   49 8b 46 20 48 89 c1 4c 21 e1 48 8b 49 08 f6 01
0x00007fffdf8ba4ad:   01 75 0a 49 8b 06 4c 21 e0 48 8b 40 20 4c 21 e0 

Register to memory mapping:

RAX=0x00007fffe595ee60: __block_literal_global.67+0x42c0 in /System/Library/Frameworks/CoreFoundation.framework/Versions/A/CoreFoundation at 0x00007fffca9ab000
RBX=0x00007fffe595ee60: __block_literal_global.67+0x42c0 in /System/Library/Frameworks/CoreFoundation.framework/Versions/A/CoreFoundation at 0x00007fffca9ab000
RCX=0x0000000000000000 is an unknown value
RDX=0x0000000000000000 is an unknown value
RSP=0x00007fff5526b210 is pointing into the stack for thread: 0x00007fa91b91e800
RBP=0x00007fff5526b260 is pointing into the stack for thread: 0x00007fa91b91e800
RSI=0x00007fffe8f5c2e8: runtimeLock+0x18 in /usr/lib/libobjc.A.dylib at 0x00007fffdf8b2000
RDI=0x00007fffe595ee60: __block_literal_global.67+0x42c0 in /System/Library/Frameworks/CoreFoundation.framework/Versions/A/CoreFoundation at 0x00007fffca9ab000
R8 =0x0000000000d67f00 is an unknown value
R9 =0x0000000000000000 is an unknown value
R10=0x00d67f0100d67f83 is an unknown value
R11=0x0000000000d67f00 is an unknown value
R12=0x00007ffffffffff8 is an unknown value
R13=0x00007fffe595ee60: __block_literal_global.67+0x42c0 in /System/Library/Frameworks/CoreFoundation.framework/Versions/A/CoreFoundation at 0x00007fffca9ab000
R14=0x00000000000007c8 is an unknown value
R15=0x00007fffe595ee60: __block_literal_global.67+0x42c0 in /System/Library/Frameworks/CoreFoundation.framework/Versions/A/CoreFoundation at 0x00007fffca9ab000


Stack: [0x00007fff54a70000,0x00007fff55270000],  sp=0x00007fff5526b210,  free space=8172k
Native frames: (J=compiled Java code, j=interpreted, Vv=VM code, C=native code)
C  [libobjc.A.dylib+0x849d]  _class_initialize+0x27
C  [libobjc.A.dylib+0x805b]  lookUpImpOrForward+0xf0
C  [libobjc.A.dylib+0x7ad4]  _objc_msgSend_uncached+0x44
C  [libnativewindow_macosx.jnilib+0x5157]  Java_jogamp_nativewindow_jawt_macosx_MacOSXJAWTWindow_UnsetJAWTRootSurfaceLayer0+0xe7
j  jogamp.nativewindow.jawt.macosx.MacOSXJAWTWindow.UnsetJAWTRootSurfaceLayer0(JJ)V+0
j  jogamp.nativewindow.jawt.macosx.MacOSXJAWTWindow.access$200(JJ)V+2
j  jogamp.nativewindow.jawt.macosx.MacOSXJAWTWindow$1.run()V+38
j  com.jogamp.common.util.RunnableTask.run()V+24
v  ~StubRoutines::call_stub
V  [libjvm.dylib+0x2ee5b6]  JavaCalls::call_helper(JavaValue*, methodHandle*, JavaCallArguments*, Thread*)+0x6ae
V  [libjvm.dylib+0x325765]  jni_invoke_nonstatic(JNIEnv_*, JavaValue*, _jobject*, JNICallType, _jmethodID*, JNI_ArgumentPusher*, Thread*)+0x2ec
V  [libjvm.dylib+0x317f33]  jni_CallVoidMethod+0x16b
C  [libnativewindow_macosx.jnilib+0x5326]  Java_jogamp_nativewindow_jawt_macosx_MacOSXJAWTWindow_UnsetJAWTRootSurfaceLayer0+0x2b6
C  [Foundation+0x717ba]  __NSThreadPerformPerform+0x146
C  [CoreFoundation+0xa7321]  __CFRUNLOOP_IS_CALLING_OUT_TO_A_SOURCE0_PERFORM_FUNCTION__+0x11
C  [CoreFoundation+0x8821d]  __CFRunLoopDoSources0+0x22d
C  [CoreFoundation+0x87716]  __CFRunLoopRun+0x3a6
C  [CoreFoundation+0x87114]  CFRunLoopRunSpecific+0x1a4
C  [HIToolbox+0x30ebc]  RunCurrentEventLoopInMode+0xf0
C  [HIToolbox+0x30bf9]  ReceiveNextEventCommon+0xb8
C  [HIToolbox+0x30b26]  _BlockUntilNextEventMatchingListInModeWithFilter+0x47
C  [AppKit+0x46a54]  _DPSNextEvent+0x460
C  [AppKit+0x7c27ee]  -[NSApplication(NSEvent) _nextEventMatchingEventMask:untilDate:inMode:dequeue:]+0xaec
C  [libosxapp.dylib+0x23aa]  -[NSApplicationAWT nextEventMatchingMask:untilDate:inMode:dequeue:]+0x7c
C  [AppKit+0x3b3db]  -[NSApplication run]+0x39e
C  [libosxapp.dylib+0x214d]  +[NSApplicationAWT runAWTLoopWithApp:]+0x9c
C  [libawt_lwawt.dylib+0x45edf]  -[AWTStarter starter:]+0x389
C  [Foundation+0x717ba]  __NSThreadPerformPerform+0x146
C  [CoreFoundation+0xa7321]  __CFRUNLOOP_IS_CALLING_OUT_TO_A_SOURCE0_PERFORM_FUNCTION__+0x11
C  [CoreFoundation+0x8821d]  __CFRunLoopDoSources0+0x22d
C  [CoreFoundation+0x87716]  __CFRunLoopRun+0x3a6
C  [CoreFoundation+0x87114]  CFRunLoopRunSpecific+0x1a4
C  [java+0x6465]  CreateExecutionEnvironment+0x367
C  [java+0x218c]  JLI_Launch+0x7a0
C  [java+0x84c2]  main+0x65
C  [java+0x19e4]  start+0x34
C  0x0000000000000007

Java frames: (J=compiled Java code, j=interpreted, Vv=VM code)
j  jogamp.nativewindow.jawt.macosx.MacOSXJAWTWindow.UnsetJAWTRootSurfaceLayer0(JJ)V+0
j  jogamp.nativewindow.jawt.macosx.MacOSXJAWTWindow.access$200(JJ)V+2
j  jogamp.nativewindow.jawt.macosx.MacOSXJAWTWindow$1.run()V+38
j  com.jogamp.common.util.RunnableTask.run()V+24
v  ~StubRoutines::call_stub

---------------  P R O C E S S  ---------------

Java Threads: ( => current thread )
  0x00007fa921c5e800 JavaThread "Thread-3" [_thread_blocked, id=37523, stack(0x0000700003e9d000,0x0000700003f9d000)]
  0x00007fa91bb23000 JavaThread "AWT-EventQueue-1" [_thread_in_native, id=62739, stack(0x0000700003d9a000,0x0000700003e9a000)]
  0x00007fa91c26a800 JavaThread "DestroyJavaVM" [_thread_blocked, id=7171, stack(0x0000700002752000,0x0000700002852000)]
  0x00007fa91c9eb000 JavaThread "AWT-EventQueue-0" [_thread_blocked, id=60947, stack(0x0000700003b94000,0x0000700003c94000)]
  0x00007fa91c9b4000 JavaThread "Java2D Disposer" daemon [_thread_blocked, id=57615, stack(0x000070000390b000,0x0000700003a0b000)]
  0x00007fa91b986000 JavaThread "Java2D Queue Flusher" daemon [_thread_blocked, id=48435, stack(0x0000700003808000,0x0000700003908000)]
  0x00007fa91c13d000 JavaThread "AWT-Shutdown" [_thread_blocked, id=30495, stack(0x00007000035ff000,0x00007000036ff000)]
=>0x00007fa91b91e800 JavaThread "AWT-AppKit" daemon [_thread_in_native, id=775, stack(0x00007fff54a70000,0x00007fff55270000)]
  0x00007fa91c074000 JavaThread "Service Thread" daemon [_thread_blocked, id=18691, stack(0x0000700003376000,0x0000700003476000)]
  0x00007fa91c807800 JavaThread "C1 CompilerThread2" daemon [_thread_blocked, id=18179, stack(0x0000700003273000,0x0000700003373000)]
  0x00007fa91c05b800 JavaThread "C2 CompilerThread1" daemon [_thread_blocked, id=17667, stack(0x0000700003170000,0x0000700003270000)]
  0x00007fa91c02c000 JavaThread "C2 CompilerThread0" daemon [_thread_blocked, id=17155, stack(0x000070000306d000,0x000070000316d000)]
  0x00007fa91c05a800 JavaThread "Signal Dispatcher" daemon [_thread_blocked, id=16643, stack(0x0000700002f6a000,0x000070000306a000)]
  0x00007fa91b818000 JavaThread "Finalizer" daemon [_thread_blocked, id=12547, stack(0x0000700002e67000,0x0000700002f67000)]
  0x00007fa91b815800 JavaThread "Reference Handler" daemon [_thread_blocked, id=12035, stack(0x0000700002d64000,0x0000700002e64000)]

Other Threads:
  0x00007fa91b811000 VMThread [stack: 0x0000700002c61000,0x0000700002d61000] [id=11523]
  0x00007fa91c808000 WatcherThread [stack: 0x0000700003479000,0x0000700003579000] [id=19203]

VM state:not at safepoint (normal execution)

VM Mutex/Monitor currently owned by a thread: None

Heap:
 PSYoungGen      total 38400K, used 13368K [0x0000000795580000, 0x0000000798b80000, 0x00000007c0000000)
  eden space 33280K, 24% used [0x0000000795580000,0x0000000795d8fe20,0x0000000797600000)
  from space 5120K, 99% used [0x0000000797600000,0x0000000797afe510,0x0000000797b00000)
  to   space 5120K, 0% used [0x0000000798680000,0x0000000798680000,0x0000000798b80000)
 ParOldGen       total 67584K, used 9219K [0x0000000740000000, 0x0000000744200000, 0x0000000795580000)
  object space 67584K, 13% used [0x0000000740000000,0x0000000740900cc0,0x0000000744200000)
 Metaspace       used 23403K, capacity 23805K, committed 24112K, reserved 1071104K
  class space    used 2418K, capacity 2553K, committed 2608K, reserved 1048576K

Card table byte_map: [0x000000010c763000,0x000000010cb64000] byte_map_base: 0x0000000108d63000

Marking Bits: (ParMarkBitMap*) 0x000000010bcf1ea0
 Begin Bits: [0x000000011d861000, 0x000000011f861000)
 End Bits:   [0x000000011f861000, 0x0000000121861000)

Polling page: 0x000000010aa50000

CodeCache: size=245760Kb used=8145Kb max_used=8156Kb free=237614Kb
 bounds [0x000000010e861000, 0x000000010f061000, 0x000000011d861000]
 total_blobs=3044 nmethods=2112 adapters=845
 compilation: enabled

Compilation events (10 events):
Event: 9.476 Thread 0x00007fa91c807800 2113   !   3       sun.lwawt.LWComponentPeer::sendEventToDelegate (87 bytes)
Event: 9.476 Thread 0x00007fa91c807800 nmethod 2113 0x000000010f0576d0 code [0x000000010f057900, 0x000000010f058a88]
Event: 11.000 Thread 0x00007fa91c807800 2114  s    3       java.awt.KeyboardFocusManager::getCurrentKeyboardFocusManager (32 bytes)
Event: 11.001 Thread 0x00007fa91c807800 nmethod 2114 0x000000010f059090 code [0x000000010f059240, 0x000000010f059828]
Event: 11.002 Thread 0x00007fa91c807800 2115       3       java.awt.Rectangle::intersection (180 bytes)
Event: 11.003 Thread 0x00007fa91c807800 nmethod 2115 0x000000010f0599d0 code [0x000000010f059b60, 0x000000010f05a090]
Event: 11.003 Thread 0x00007fa91c807800 2116       3       sun.java2d.pipe.PixelToParallelogramConverter::normalize (15 bytes)
Event: 11.004 Thread 0x00007fa91c807800 nmethod 2116 0x000000010f05a350 code [0x000000010f05a500, 0x000000010f05a788]
Event: 11.007 Thread 0x00007fa91c02c000 2117       4       java.util.HashMap$KeySet::iterator (12 bytes)
Event: 11.016 Thread 0x00007fa91c02c000 nmethod 2117 0x000000010f05d7d0 code [0x000000010f05d940, 0x000000010f05dc98]

GC Heap History (8 events):
Event: 2.289 GC heap before
{Heap before GC invocations=1 (full 0):
 PSYoungGen      total 38400K, used 33280K [0x0000000795580000, 0x0000000798000000, 0x00000007c0000000)
  eden space 33280K, 100% used [0x0000000795580000,0x0000000797600000,0x0000000797600000)
  from space 5120K, 0% used [0x0000000797b00000,0x0000000797b00000,0x0000000798000000)
  to   space 5120K, 0% used [0x0000000797600000,0x0000000797600000,0x0000000797b00000)
 ParOldGen       total 87552K, used 0K [0x0000000740000000, 0x0000000745580000, 0x0000000795580000)
  object space 87552K, 0% used [0x0000000740000000,0x0000000740000000,0x0000000745580000)
 Metaspace       used 16313K, capacity 16621K, committed 16768K, reserved 1064960K
  class space    used 1693K, capacity 1793K, committed 1920K, reserved 1048576K
Event: 2.295 GC heap after
Heap after GC invocations=1 (full 0):
 PSYoungGen      total 38400K, used 5064K [0x0000000795580000, 0x0000000798000000, 0x00000007c0000000)
  eden space 33280K, 0% used [0x0000000795580000,0x0000000795580000,0x0000000797600000)
  from space 5120K, 98% used [0x0000000797600000,0x0000000797af2208,0x0000000797b00000)
  to   space 5120K, 0% used [0x0000000797b00000,0x0000000797b00000,0x0000000798000000)
 ParOldGen       total 87552K, used 16K [0x0000000740000000, 0x0000000745580000, 0x0000000795580000)
  object space 87552K, 0% used [0x0000000740000000,0x0000000740004000,0x0000000745580000)
 Metaspace       used 16313K, capacity 16621K, committed 16768K, reserved 1064960K
  class space    used 1693K, capacity 1793K, committed 1920K, reserved 1048576K
}
Event: 3.366 GC heap before
{Heap before GC invocations=2 (full 0):
 PSYoungGen      total 38400K, used 37467K [0x0000000795580000, 0x0000000798000000, 0x00000007c0000000)
  eden space 33280K, 97% used [0x0000000795580000,0x0000000797524aa8,0x0000000797600000)
  from space 5120K, 98% used [0x0000000797600000,0x0000000797af2208,0x0000000797b00000)
  to   space 5120K, 0% used [0x0000000797b00000,0x0000000797b00000,0x0000000798000000)
 ParOldGen       total 87552K, used 16K [0x0000000740000000, 0x0000000745580000, 0x0000000795580000)
  object space 87552K, 0% used [0x0000000740000000,0x0000000740004000,0x0000000745580000)
 Metaspace       used 20832K, capacity 21255K, committed 21296K, reserved 1069056K
  class space    used 2182K, capacity 2326K, committed 2352K, reserved 1048576K
Event: 3.376 GC heap after
Heap after GC invocations=2 (full 0):
 PSYoungGen      total 38400K, used 5090K [0x0000000795580000, 0x0000000798000000, 0x00000007c0000000)
  eden space 33280K, 0% used [0x0000000795580000,0x0000000795580000,0x0000000797600000)
  from space 5120K, 99% used [0x0000000797b00000,0x0000000797ff89e0,0x0000000798000000)
  to   space 5120K, 0% used [0x0000000797600000,0x0000000797600000,0x0000000797b00000)
 ParOldGen       total 87552K, used 3184K [0x0000000740000000, 0x0000000745580000, 0x0000000795580000)
  object space 87552K, 3% used [0x0000000740000000,0x000000074031c2d0,0x0000000745580000)
 Metaspace       used 20832K, capacity 21255K, committed 21296K, reserved 1069056K
  class space    used 2182K, capacity 2326K, committed 2352K, reserved 1048576K
}
Event: 3.376 GC heap before
{Heap before GC invocations=3 (full 1):
 PSYoungGen      total 38400K, used 5090K [0x0000000795580000, 0x0000000798000000, 0x00000007c0000000)
  eden space 33280K, 0% used [0x0000000795580000,0x0000000795580000,0x0000000797600000)
  from space 5120K, 99% used [0x0000000797b00000,0x0000000797ff89e0,0x0000000798000000)
  to   space 5120K, 0% used [0x0000000797600000,0x0000000797600000,0x0000000797b00000)
 ParOldGen       total 87552K, used 3184K [0x0000000740000000, 0x0000000745580000, 0x0000000795580000)
  object space 87552K, 3% used [0x0000000740000000,0x000000074031c2d0,0x0000000745580000)
 Metaspace       used 20832K, capacity 21255K, committed 21296K, reserved 1069056K
  class space    used 2182K, capacity 2326K, committed 2352K, reserved 1048576K
Event: 3.414 GC heap after
Heap after GC invocations=3 (full 1):
 PSYoungGen      total 38400K, used 0K [0x0000000795580000, 0x0000000798000000, 0x00000007c0000000)
  eden space 33280K, 0% used [0x0000000795580000,0x0000000795580000,0x0000000797600000)
  from space 5120K, 0% used [0x0000000797b00000,0x0000000797b00000,0x0000000798000000)
  to   space 5120K, 0% used [0x0000000797600000,0x0000000797600000,0x0000000797b00000)
 ParOldGen       total 67584K, used 8136K [0x0000000740000000, 0x0000000744200000, 0x0000000795580000)
  object space 67584K, 12% used [0x0000000740000000,0x00000007407f21a0,0x0000000744200000)
 Metaspace       used 20832K, capacity 21255K, committed 21296K, reserved 1069056K
  class space    used 2182K, capacity 2326K, committed 2352K, reserved 1048576K
}
Event: 4.572 GC heap before
{Heap before GC invocations=4 (full 1):
 PSYoungGen      total 38400K, used 33280K [0x0000000795580000, 0x0000000798000000, 0x00000007c0000000)
  eden space 33280K, 100% used [0x0000000795580000,0x0000000797600000,0x0000000797600000)
  from space 5120K, 0% used [0x0000000797b00000,0x0000000797b00000,0x0000000798000000)
  to   space 5120K, 0% used [0x0000000797600000,0x0000000797600000,0x0000000797b00000)
 ParOldGen       total 67584K, used 8136K [0x0000000740000000, 0x0000000744200000, 0x0000000795580000)
  object space 67584K, 12% used [0x0000000740000000,0x00000007407f21a0,0x0000000744200000)
 Metaspace       used 23209K, capacity 23577K, committed 23856K, reserved 1071104K
  class space    used 2409K, capacity 2521K, committed 2608K, reserved 1048576K
Event: 4.579 GC heap after
Heap after GC invocations=4 (full 1):
 PSYoungGen      total 38400K, used 5113K [0x0000000795580000, 0x0000000798b80000, 0x00000007c0000000)
  eden space 33280K, 0% used [0x0000000795580000,0x0000000795580000,0x0000000797600000)
  from space 5120K, 99% used [0x0000000797600000,0x0000000797afe510,0x0000000797b00000)
  to   space 5120K, 0% used [0x0000000798680000,0x0000000798680000,0x0000000798b80000)
 ParOldGen       total 67584K, used 9219K [0x0000000740000000, 0x0000000744200000, 0x0000000795580000)
  object space 67584K, 13% used [0x0000000740000000,0x0000000740900cc0,0x0000000744200000)
 Metaspace       used 23209K, capacity 23577K, committed 23856K, reserved 1071104K
  class space    used 2409K, capacity 2521K, committed 2608K, reserved 1048576K
}

Deoptimization events (10 events):
Event: 3.790 Thread 0x00007fa91bb23000 Uncommon trap: reason=unstable_if action=reinterpret pc=0x000000010ec4a6dc method=sun.nio.cs.UTF_8$Decoder.decodeArrayLoop(Ljava/nio/ByteBuffer;Ljava/nio/CharBuffer;)Ljava/nio/charset/CoderResult; @ 110
Event: 3.930 Thread 0x00007fa91bb23000 Uncommon trap: reason=unstable_if action=reinterpret pc=0x000000010ee8c0b4 method=com.sun.org.apache.xerces.internal.impl.XMLEntityScanner.skipSpaces()Z @ 303
Event: 3.940 Thread 0x00007fa91bb23000 Uncommon trap: reason=unstable_if action=reinterpret pc=0x000000010ec763bc method=sun.misc.FloatingDecimal.readJavaFormatString(Ljava/lang/String;)Lsun/misc/FloatingDecimal$ASCIIToBinaryConverter; @ 445
Event: 4.141 Thread 0x00007fa91bb23000 Uncommon trap: reason=unstable_if action=reinterpret pc=0x000000010ec57efc method=org.json.JSONTokener.nextClean()C @ 12
Event: 4.141 Thread 0x00007fa91bb23000 Uncommon trap: reason=unstable_if action=reinterpret pc=0x000000010ed77c84 method=org.json.JSONTokener.nextClean()C @ 12
Event: 4.288 Thread 0x00007fa91bb23000 Uncommon trap: reason=unstable_if action=reinterpret pc=0x000000010ee809e4 method=com.sun.org.apache.xerces.internal.impl.XMLEntityScanner.scanChar(Lcom/sun/org/apache/xerces/internal/impl/XMLScanner$NameType;)I @ 212
Event: 4.288 Thread 0x00007fa91bb23000 Uncommon trap: reason=unstable_if action=reinterpret pc=0x000000010ee9fd04 method=com.sun.org.apache.xerces.internal.util.SymbolTable.addSymbol([CII)Ljava/lang/String; @ 28
Event: 4.289 Thread 0x00007fa91bb23000 Uncommon trap: reason=unstable_if action=reinterpret pc=0x000000010ee95c90 method=com.sun.org.apache.xerces.internal.util.SymbolTable.addSymbol([CII)Ljava/lang/String; @ 28
Event: 4.480 Thread 0x00007fa91bb23000 Uncommon trap: reason=unstable_if action=reinterpret pc=0x000000010ef61994 method=com.sun.org.apache.xerces.internal.impl.XMLEntityScanner.scanData(Ljava/lang/String;Lcom/sun/org/apache/xerces/internal/util/XMLStringBuffer;)Z @ 60
Event: 4.531 Thread 0x00007fa91bb23000 Uncommon trap: reason=unstable_if action=reinterpret pc=0x000000010eef9370 method=module4.EarthquakeCityMap.isInCountry(Lde/fhpotsdam/unfolding/data/PointFeature;Lde/fhpotsdam/unfolding/marker/Marker;)Z @ 94

Internal exceptions (10 events):
Event: 0.431 Thread 0x00007fa91b003800 Exception <a 'java/io/FileNotFoundException'> (0x00000007958b20a0) thrown at [/Users/java_re/workspace/8-2-build-macosx-x86_64/jdk8u131/8869/hotspot/src/share/vm/prims/jni.cpp, line 709]
Event: 2.029 Thread 0x00007fa91c48c800 Exception <a 'java/lang/UnsatisfiedLinkError': com.jogamp.common.util.JarUtil.fixNativeLibAttribs(Ljava/lang/String;)Z> (0x0000000796bf1cc0) thrown at [/Users/java_re/workspace/8-2-build-macosx-x86_64/jdk8u131/8869/hotspot/src/share/vm/prims/nativeLookup.
Event: 2.297 Thread 0x00007fa91b818000 Exception <a 'java/lang/NullPointerException'> (0x00000007956a5a40) thrown at [/Users/java_re/workspace/8-2-build-macosx-x86_64/jdk8u131/8869/hotspot/src/share/vm/interpreter/linkResolver.cpp, line 1197]
Event: 2.864 Thread 0x00007fa91bb23000 Exception <a 'java/io/FileNotFoundException'> (0x0000000795fc6ea0) thrown at [/Users/java_re/workspace/8-2-build-macosx-x86_64/jdk8u131/8869/hotspot/src/share/vm/prims/jni.cpp, line 709]
Event: 2.864 Thread 0x00007fa91bb23000 Exception <a 'java/io/FileNotFoundException'> (0x0000000795fcdbd8) thrown at [/Users/java_re/workspace/8-2-build-macosx-x86_64/jdk8u131/8869/hotspot/src/share/vm/prims/jni.cpp, line 709]
Event: 2.864 Thread 0x00007fa91bb23000 Implicit null exception at 0x000000010ea42b36 to 0x000000010ea42f05
Event: 3.135 Thread 0x00007fa91bb23000 Implicit null exception at 0x000000010ec25146 to 0x000000010ec2538d
Event: 3.992 Thread 0x00007fa91bb23000 Exception <a 'java/lang/ClassCastException': de.fhpotsdam.unfolding.marker.SimplePolygonMarker cannot be cast to de.fhpotsdam.unfolding.data.PointFeature> (0x0000000795faac50) thrown at [/Users/java_re/workspace/8-2-build-macosx-x86_64/jdk8u131/8869/hotsp
Event: 4.551 Thread 0x00007fa91bb23000 Exception <a 'java/lang/ClassCastException': de.fhpotsdam.unfolding.marker.SimplePolygonMarker cannot be cast to de.fhpotsdam.unfolding.data.PointFeature> (0x0000000796eb7090) thrown at [/Users/java_re/workspace/8-2-build-macosx-x86_64/jdk8u131/8869/hotsp
Event: 4.853 Thread 0x00007fa91bb23000 Exception <a 'java/lang/ClassCastException': de.fhpotsdam.unfolding.marker.SimplePolygonMarker cannot be cast to de.fhpotsdam.unfolding.data.PointFeature> (0x0000000795c42600) thrown at [/Users/java_re/workspace/8-2-build-macosx-x86_64/jdk8u131/8869/hotsp

Events (10 events):
Event: 11.021 loading class jogamp/nativewindow/jawt/macosx/MacOSXJAWTWindow$1 done
Event: 11.023 loading class java/awt/LightweightDispatcher$2
Event: 11.023 loading class java/awt/LightweightDispatcher$2 done
Event: 11.023 loading class java/awt/event/AWTEventListenerProxy
Event: 11.023 loading class java/awt/event/AWTEventListenerProxy done
Event: 11.023 loading class java/awt/Toolkit$ToolkitEventMulticaster
Event: 11.023 loading class java/awt/Toolkit$ToolkitEventMulticaster done
Event: 11.024 Thread 0x00007fa91c9ec800 Thread exited: 0x00007fa91c9ec800
Event: 11.024 loading class java/awt/Window$1DisposeAction
Event: 11.024 loading class java/awt/Window$1DisposeAction done


Dynamic libraries:
0x0000000055635000 	/System/Library/Frameworks/Cocoa.framework/Versions/A/Cocoa
0x0000000055635000 	/System/Library/Frameworks/Security.framework/Versions/A/Security
0x0000000055635000 	/System/Library/Frameworks/ApplicationServices.framework/Versions/A/ApplicationServices
0x0000000055635000 	/usr/lib/libz.1.dylib
0x0000000055635000 	/usr/lib/libSystem.B.dylib
0x0000000055635000 	/usr/lib/libobjc.A.dylib
0x0000000055635000 	/System/Library/Frameworks/CoreFoundation.framework/Versions/A/CoreFoundation
0x0000000055635000 	/System/Library/Frameworks/Foundation.framework/Versions/C/Foundation
0x0000000055635000 	/System/Library/Frameworks/AppKit.framework/Versions/C/AppKit
0x0000000055635000 	/System/Library/Frameworks/CoreData.framework/Versions/A/CoreData
0x0000000055635000 	/System/Library/PrivateFrameworks/RemoteViewServices.framework/Versions/A/RemoteViewServices
0x0000000055635000 	/System/Library/PrivateFrameworks/UIFoundation.framework/Versions/A/UIFoundation
0x0000000055635000 	/System/Library/PrivateFrameworks/DFRFoundation.framework/Versions/A/DFRFoundation
0x0000000055635000 	/usr/lib/libenergytrace.dylib
0x0000000055635000 	/System/Library/PrivateFrameworks/SkyLight.framework/Versions/A/SkyLight
0x0000000055635000 	/System/Library/Frameworks/CoreGraphics.framework/Versions/A/CoreGraphics
0x0000000055635000 	/usr/lib/libScreenReader.dylib
0x0000000055635000 	/System/Library/Frameworks/Accelerate.framework/Versions/A/Accelerate
0x0000000055635000 	/System/Library/Frameworks/IOSurface.framework/Versions/A/IOSurface
0x0000000055635000 	/System/Library/Frameworks/AudioToolbox.framework/Versions/A/AudioToolbox
0x0000000055635000 	/System/Library/Frameworks/AudioUnit.framework/Versions/A/AudioUnit
0x0000000055635000 	/System/Library/PrivateFrameworks/DataDetectorsCore.framework/Versions/A/DataDetectorsCore
0x0000000055635000 	/System/Library/PrivateFrameworks/DesktopServicesPriv.framework/Versions/A/DesktopServicesPriv
0x0000000055635000 	/System/Library/Frameworks/Carbon.framework/Versions/A/Frameworks/HIToolbox.framework/Versions/A/HIToolbox
0x0000000055635000 	/usr/lib/libicucore.A.dylib
0x0000000055635000 	/System/Library/Frameworks/QuartzCore.framework/Versions/A/QuartzCore
0x0000000055635000 	/System/Library/Frameworks/Carbon.framework/Versions/A/Frameworks/SpeechRecognition.framework/Versions/A/SpeechRecognition
0x0000000055635000 	/usr/lib/libauto.dylib
0x0000000055635000 	/usr/lib/libxml2.2.dylib
0x0000000055635000 	/System/Library/PrivateFrameworks/CoreUI.framework/Versions/A/CoreUI
0x0000000055635000 	/System/Library/Frameworks/CoreAudio.framework/Versions/A/CoreAudio
0x0000000055635000 	/System/Library/Frameworks/DiskArbitration.framework/Versions/A/DiskArbitration
0x0000000055635000 	/usr/lib/liblangid.dylib
0x0000000055635000 	/System/Library/PrivateFrameworks/MultitouchSupport.framework/Versions/A/MultitouchSupport
0x0000000055635000 	/System/Library/Frameworks/IOKit.framework/Versions/A/IOKit
0x0000000055635000 	/usr/lib/libDiagnosticMessagesClient.dylib
0x0000000055635000 	/System/Library/Frameworks/CoreServices.framework/Versions/A/CoreServices
0x0000000055635000 	/System/Library/PrivateFrameworks/PerformanceAnalysis.framework/Versions/A/PerformanceAnalysis
0x0000000055635000 	/System/Library/PrivateFrameworks/GenerationalStorage.framework/Versions/A/GenerationalStorage
0x0000000055635000 	/System/Library/Frameworks/OpenGL.framework/Versions/A/OpenGL
0x0000000055635000 	/System/Library/Frameworks/CoreImage.framework/Versions/A/CoreImage
0x0000000055635000 	/System/Library/Frameworks/CoreText.framework/Versions/A/CoreText
0x0000000055635000 	/System/Library/Frameworks/ImageIO.framework/Versions/A/ImageIO
0x0000000055635000 	/System/Library/PrivateFrameworks/Backup.framework/Versions/A/Backup
0x0000000055635000 	/usr/lib/libarchive.2.dylib
0x0000000055635000 	/System/Library/Frameworks/CFNetwork.framework/Versions/A/CFNetwork
0x0000000055635000 	/System/Library/Frameworks/SystemConfiguration.framework/Versions/A/SystemConfiguration
0x0000000055635000 	/usr/lib/libCRFSuite.dylib
0x0000000055635000 	/usr/lib/libc++.1.dylib
0x0000000055635000 	/usr/lib/libc++abi.dylib
0x0000000055635000 	/usr/lib/system/libcache.dylib
0x0000000055635000 	/usr/lib/system/libcommonCrypto.dylib
0x0000000055635000 	/usr/lib/system/libcompiler_rt.dylib
0x0000000055635000 	/usr/lib/system/libcopyfile.dylib
0x0000000055635000 	/usr/lib/system/libcorecrypto.dylib
0x0000000055635000 	/usr/lib/system/libdispatch.dylib
0x0000000055635000 	/usr/lib/system/libdyld.dylib
0x0000000055635000 	/usr/lib/system/libkeymgr.dylib
0x0000000055635000 	/usr/lib/system/liblaunch.dylib
0x0000000055635000 	/usr/lib/system/libmacho.dylib
0x0000000055635000 	/usr/lib/system/libquarantine.dylib
0x0000000055635000 	/usr/lib/system/libremovefile.dylib
0x0000000055635000 	/usr/lib/system/libsystem_asl.dylib
0x0000000055635000 	/usr/lib/system/libsystem_blocks.dylib
0x0000000055635000 	/usr/lib/system/libsystem_c.dylib
0x0000000055635000 	/usr/lib/system/libsystem_configuration.dylib
0x0000000055635000 	/usr/lib/system/libsystem_coreservices.dylib
0x0000000055635000 	/usr/lib/system/libsystem_coretls.dylib
0x0000000055635000 	/usr/lib/system/libsystem_dnssd.dylib
0x0000000055635000 	/usr/lib/system/libsystem_info.dylib
0x0000000055635000 	/usr/lib/system/libsystem_kernel.dylib
0x0000000055635000 	/usr/lib/system/libsystem_m.dylib
0x0000000055635000 	/usr/lib/system/libsystem_malloc.dylib
0x0000000055635000 	/usr/lib/system/libsystem_network.dylib
0x0000000055635000 	/usr/lib/system/libsystem_networkextension.dylib
0x0000000055635000 	/usr/lib/system/libsystem_notify.dylib
0x0000000055635000 	/usr/lib/system/libsystem_platform.dylib
0x0000000055635000 	/usr/lib/system/libsystem_pthread.dylib
0x0000000055635000 	/usr/lib/system/libsystem_sandbox.dylib
0x0000000055635000 	/usr/lib/system/libsystem_secinit.dylib
0x0000000055635000 	/usr/lib/system/libsystem_symptoms.dylib
0x0000000055635000 	/usr/lib/system/libsystem_trace.dylib
0x0000000055635000 	/usr/lib/system/libunwind.dylib
0x0000000055635000 	/usr/lib/system/libxpc.dylib
0x0000000055635000 	/usr/lib/libbsm.0.dylib
0x0000000055635000 	/usr/lib/system/libkxld.dylib
0x0000000055635000 	/usr/lib/libcoretls.dylib
0x0000000055635000 	/usr/lib/libcoretls_cfhelpers.dylib
0x0000000055635000 	/usr/lib/libOpenScriptingUtil.dylib
0x0000000055635000 	/usr/lib/libpam.2.dylib
0x0000000055635000 	/usr/lib/libsqlite3.dylib
0x0000000055635000 	/usr/lib/libxar.1.dylib
0x0000000055635000 	/usr/lib/libbz2.1.0.dylib
0x0000000055635000 	/usr/lib/liblzma.5.dylib
0x0000000055635000 	/usr/lib/libnetwork.dylib
0x0000000055635000 	/usr/lib/libpcap.A.dylib
0x0000000055635000 	/System/Library/Frameworks/CoreServices.framework/Versions/A/Frameworks/FSEvents.framework/Versions/A/FSEvents
0x0000000055635000 	/System/Library/Frameworks/CoreServices.framework/Versions/A/Frameworks/CarbonCore.framework/Versions/A/CarbonCore
0x0000000055635000 	/System/Library/Frameworks/CoreServices.framework/Versions/A/Frameworks/Metadata.framework/Versions/A/Metadata
0x0000000055635000 	/System/Library/Frameworks/CoreServices.framework/Versions/A/Frameworks/OSServices.framework/Versions/A/OSServices
0x0000000055635000 	/System/Library/Frameworks/CoreServices.framework/Versions/A/Frameworks/SearchKit.framework/Versions/A/SearchKit
0x0000000055635000 	/System/Library/Frameworks/CoreServices.framework/Versions/A/Frameworks/AE.framework/Versions/A/AE
0x0000000055635000 	/System/Library/Frameworks/CoreServices.framework/Versions/A/Frameworks/LaunchServices.framework/Versions/A/LaunchServices
0x0000000055635000 	/System/Library/Frameworks/CoreServices.framework/Versions/A/Frameworks/DictionaryServices.framework/Versions/A/DictionaryServices
0x0000000055635000 	/System/Library/Frameworks/CoreServices.framework/Versions/A/Frameworks/SharedFileList.framework/Versions/A/SharedFileList
0x0000000055635000 	/System/Library/Frameworks/NetFS.framework/Versions/A/NetFS
0x0000000055635000 	/System/Library/PrivateFrameworks/NetAuth.framework/Versions/A/NetAuth
0x0000000055635000 	/System/Library/PrivateFrameworks/login.framework/Versions/A/Frameworks/loginsupport.framework/Versions/A/loginsupport
0x0000000055635000 	/System/Library/PrivateFrameworks/TCC.framework/Versions/A/TCC
0x0000000055635000 	/usr/lib/libmecabra.dylib
0x0000000055635000 	/System/Library/Frameworks/ApplicationServices.framework/Versions/A/Frameworks/ATS.framework/Versions/A/ATS
0x0000000055635000 	/System/Library/Frameworks/ApplicationServices.framework/Versions/A/Frameworks/ColorSync.framework/Versions/A/ColorSync
0x0000000055635000 	/System/Library/Frameworks/ApplicationServices.framework/Versions/A/Frameworks/HIServices.framework/Versions/A/HIServices
0x0000000055635000 	/System/Library/Frameworks/ApplicationServices.framework/Versions/A/Frameworks/LangAnalysis.framework/Versions/A/LangAnalysis
0x0000000055635000 	/System/Library/Frameworks/ApplicationServices.framework/Versions/A/Frameworks/PrintCore.framework/Versions/A/PrintCore
0x0000000055635000 	/System/Library/Frameworks/ApplicationServices.framework/Versions/A/Frameworks/QD.framework/Versions/A/QD
0x0000000055635000 	/System/Library/Frameworks/ApplicationServices.framework/Versions/A/Frameworks/SpeechSynthesis.framework/Versions/A/SpeechSynthesis
0x0000000055635000 	/System/Library/Frameworks/Accelerate.framework/Versions/A/Frameworks/vImage.framework/Versions/A/vImage
0x0000000055635000 	/System/Library/Frameworks/Accelerate.framework/Versions/A/Frameworks/vecLib.framework/Versions/A/vecLib
0x0000000055635000 	/System/Library/Frameworks/Accelerate.framework/Versions/A/Frameworks/vecLib.framework/Versions/A/libvDSP.dylib
0x0000000055635000 	/System/Library/Frameworks/Accelerate.framework/Versions/A/Frameworks/vecLib.framework/Versions/A/libBNNS.dylib
0x0000000055635000 	/System/Library/Frameworks/Accelerate.framework/Versions/A/Frameworks/vecLib.framework/Versions/A/libQuadrature.dylib
0x0000000055635000 	/System/Library/Frameworks/Accelerate.framework/Versions/A/Frameworks/vecLib.framework/Versions/A/libvMisc.dylib
0x0000000055635000 	/System/Library/Frameworks/Accelerate.framework/Versions/A/Frameworks/vecLib.framework/Versions/A/libLAPACK.dylib
0x0000000055635000 	/System/Library/Frameworks/Accelerate.framework/Versions/A/Frameworks/vecLib.framework/Versions/A/libBLAS.dylib
0x0000000055635000 	/System/Library/Frameworks/Accelerate.framework/Versions/A/Frameworks/vecLib.framework/Versions/A/libLinearAlgebra.dylib
0x0000000055635000 	/System/Library/Frameworks/Accelerate.framework/Versions/A/Frameworks/vecLib.framework/Versions/A/libSparseBLAS.dylib
0x0000000055635000 	/System/Library/Frameworks/ApplicationServices.framework/Versions/A/Frameworks/ATS.framework/Versions/A/Resources/libFontParser.dylib
0x0000000055635000 	/System/Library/Frameworks/ApplicationServices.framework/Versions/A/Frameworks/ATS.framework/Versions/A/Resources/libFontRegistry.dylib
0x0000000055635000 	/System/Library/Frameworks/ImageIO.framework/Versions/A/Resources/libJPEG.dylib
0x0000000055635000 	/System/Library/Frameworks/ImageIO.framework/Versions/A/Resources/libTIFF.dylib
0x0000000055635000 	/System/Library/Frameworks/ImageIO.framework/Versions/A/Resources/libPng.dylib
0x0000000055635000 	/System/Library/Frameworks/ImageIO.framework/Versions/A/Resources/libGIF.dylib
0x0000000055635000 	/System/Library/Frameworks/ImageIO.framework/Versions/A/Resources/libJP2.dylib
0x0000000055635000 	/System/Library/Frameworks/ImageIO.framework/Versions/A/Resources/libRadiance.dylib
0x0000000055635000 	/usr/lib/libcompression.dylib
0x0000000055635000 	/System/Library/PrivateFrameworks/AppleJPEG.framework/Versions/A/AppleJPEG
0x0000000055635000 	/usr/lib/libcups.2.dylib
0x0000000055635000 	/System/Library/Frameworks/Kerberos.framework/Versions/A/Kerberos
0x0000000055635000 	/System/Library/Frameworks/GSS.framework/Versions/A/GSS
0x0000000055635000 	/usr/lib/libresolv.9.dylib
0x0000000055635000 	/usr/lib/libiconv.2.dylib
0x0000000055635000 	/System/Library/PrivateFrameworks/Heimdal.framework/Versions/A/Heimdal
0x0000000055635000 	/usr/lib/libheimdal-asn1.dylib
0x0000000055635000 	/System/Library/Frameworks/OpenDirectory.framework/Versions/A/OpenDirectory
0x0000000055635000 	/System/Library/PrivateFrameworks/CommonAuth.framework/Versions/A/CommonAuth
0x0000000055635000 	/System/Library/Frameworks/OpenDirectory.framework/Versions/A/Frameworks/CFOpenDirectory.framework/Versions/A/CFOpenDirectory
0x0000000055635000 	/System/Library/Frameworks/SecurityFoundation.framework/Versions/A/SecurityFoundation
0x0000000055635000 	/System/Library/PrivateFrameworks/LanguageModeling.framework/Versions/A/LanguageModeling
0x0000000055635000 	/usr/lib/libmarisa.dylib
0x0000000055635000 	/usr/lib/libChineseTokenizer.dylib
0x0000000055635000 	/usr/lib/libcmph.dylib
0x0000000055635000 	/System/Library/PrivateFrameworks/CoreEmoji.framework/Versions/A/CoreEmoji
0x0000000055635000 	/System/Library/Frameworks/ServiceManagement.framework/Versions/A/ServiceManagement
0x0000000055635000 	/usr/lib/libxslt.1.dylib
0x0000000055635000 	/System/Library/Frameworks/Carbon.framework/Versions/A/Frameworks/Ink.framework/Versions/A/Ink
0x0000000055635000 	/System/Library/PrivateFrameworks/TextureIO.framework/Versions/A/TextureIO
0x0000000055635000 	/System/Library/Frameworks/Metal.framework/Versions/A/Metal
0x0000000055635000 	/usr/lib/libate.dylib
0x0000000055635000 	/System/Library/PrivateFrameworks/GPUCompiler.framework/libmetal_timestamp.dylib
0x0000000055635000 	/System/Library/Frameworks/OpenGL.framework/Versions/A/Libraries/libCoreFSCache.dylib
0x0000000055635000 	/System/Library/PrivateFrameworks/IOAccelerator.framework/Versions/A/IOAccelerator
0x0000000055635000 	/System/Library/Frameworks/CoreVideo.framework/Versions/A/CoreVideo
0x0000000055635000 	/usr/lib/libFosl_dynamic.dylib
0x0000000055635000 	/System/Library/PrivateFrameworks/MetalPerformanceShaders.framework/Versions/A/MetalPerformanceShaders
0x0000000055635000 	/System/Library/PrivateFrameworks/FaceCore.framework/Versions/A/FaceCore
0x0000000055635000 	/System/Library/Frameworks/OpenCL.framework/Versions/A/OpenCL
0x0000000055635000 	/System/Library/Frameworks/OpenGL.framework/Versions/A/Libraries/libGLU.dylib
0x0000000055635000 	/System/Library/Frameworks/OpenGL.framework/Versions/A/Libraries/libGFXShared.dylib
0x0000000055635000 	/System/Library/Frameworks/OpenGL.framework/Versions/A/Libraries/libGL.dylib
0x0000000055635000 	/System/Library/Frameworks/OpenGL.framework/Versions/A/Libraries/libGLImage.dylib
0x0000000055635000 	/System/Library/Frameworks/OpenGL.framework/Versions/A/Libraries/libCVMSPluginSupport.dylib
0x0000000055635000 	/System/Library/Frameworks/OpenGL.framework/Versions/A/Libraries/libCoreVMClient.dylib
0x0000000055635000 	/System/Library/PrivateFrameworks/CrashReporterSupport.framework/Versions/A/CrashReporterSupport
0x0000000055635000 	/System/Library/PrivateFrameworks/Sharing.framework/Versions/A/Sharing
0x0000000055635000 	/System/Library/PrivateFrameworks/IconServices.framework/Versions/A/IconServices
0x0000000055635000 	/System/Library/PrivateFrameworks/ProtocolBuffer.framework/Versions/A/ProtocolBuffer
0x0000000055635000 	/System/Library/PrivateFrameworks/Apple80211.framework/Versions/A/Apple80211
0x0000000055635000 	/System/Library/Frameworks/CoreWLAN.framework/Versions/A/CoreWLAN
0x0000000055635000 	/System/Library/PrivateFrameworks/CoreUtils.framework/Versions/A/CoreUtils
0x0000000055635000 	/System/Library/Frameworks/IOBluetooth.framework/Versions/A/IOBluetooth
0x0000000055635000 	/System/Library/PrivateFrameworks/CoreWiFi.framework/Versions/A/CoreWiFi
0x0000000055635000 	/System/Library/Frameworks/CoreBluetooth.framework/Versions/A/CoreBluetooth
0x0000000055635000 	/System/Library/Frameworks/CoreDisplay.framework/Versions/A/CoreDisplay
0x0000000055635000 	/System/Library/PrivateFrameworks/IOPresentment.framework/Versions/A/IOPresentment
0x0000000055635000 	/System/Library/PrivateFrameworks/DSExternalDisplay.framework/Versions/A/DSExternalDisplay
0x0000000055635000 	/System/Library/PrivateFrameworks/DebugSymbols.framework/Versions/A/DebugSymbols
0x0000000055635000 	/System/Library/PrivateFrameworks/CoreSymbolication.framework/Versions/A/CoreSymbolication
0x0000000055635000 	/System/Library/PrivateFrameworks/Symbolication.framework/Versions/A/Symbolication
0x0000000055635000 	/System/Library/PrivateFrameworks/AppleFSCompression.framework/Versions/A/AppleFSCompression
0x0000000055635000 	/System/Library/PrivateFrameworks/SpeechRecognitionCore.framework/Versions/A/SpeechRecognitionCore
0x0000000055635000 	/System/Library/PrivateFrameworks/ChunkingLibrary.framework/Versions/A/ChunkingLibrary
0x000000010b400000 	/Library/Java/JavaVirtualMachines/jdk1.8.0_131.jdk/Contents/Home/jre/lib/server/libjvm.dylib
0x0000000055635000 	/usr/lib/libstdc++.6.dylib
0x000000010aa0d000 	/Library/Java/JavaVirtualMachines/jdk1.8.0_131.jdk/Contents/Home/jre/lib/libverify.dylib
0x000000010aa1b000 	/Library/Java/JavaVirtualMachines/jdk1.8.0_131.jdk/Contents/Home/jre/lib/libjava.dylib
0x000000010aa5a000 	/Library/Java/JavaVirtualMachines/jdk1.8.0_131.jdk/Contents/Home/jre/lib/libzip.dylib
0x000000010e774000 	/System/Library/Frameworks/JavaVM.framework/Frameworks/JavaRuntimeSupport.framework/JavaRuntimeSupport
0x000000010e78e000 	/System/Library/Frameworks/JavaVM.framework/Versions/A/Frameworks/JavaNativeFoundation.framework/Versions/A/JavaNativeFoundation
0x000000010e7a3000 	/System/Library/Frameworks/JavaVM.framework/Versions/A/JavaVM
0x0000000055635000 	/System/Library/Frameworks/Carbon.framework/Versions/A/Carbon
0x000000010e7b0000 	/System/Library/PrivateFrameworks/JavaLaunching.framework/Versions/A/JavaLaunching
0x0000000055635000 	/System/Library/Frameworks/Carbon.framework/Versions/A/Frameworks/CommonPanels.framework/Versions/A/CommonPanels
0x0000000055635000 	/System/Library/Frameworks/Carbon.framework/Versions/A/Frameworks/Help.framework/Versions/A/Help
0x0000000055635000 	/System/Library/Frameworks/Carbon.framework/Versions/A/Frameworks/ImageCapture.framework/Versions/A/ImageCapture
0x0000000055635000 	/System/Library/Frameworks/Carbon.framework/Versions/A/Frameworks/OpenScripting.framework/Versions/A/OpenScripting
0x0000000055635000 	/System/Library/Frameworks/Carbon.framework/Versions/A/Frameworks/Print.framework/Versions/A/Print
0x0000000055635000 	/System/Library/Frameworks/Carbon.framework/Versions/A/Frameworks/SecurityHI.framework/Versions/A/SecurityHI
0x0000000123588000 	/Library/Java/JavaVirtualMachines/jdk1.8.0_131.jdk/Contents/Home/jre/lib/libawt.dylib
0x0000000123630000 	/Library/Java/JavaVirtualMachines/jdk1.8.0_131.jdk/Contents/Home/jre/lib/./libmlib_image.dylib
0x00000001236fc000 	/Library/Java/JavaVirtualMachines/jdk1.8.0_131.jdk/Contents/Home/jre/lib/libawt_lwawt.dylib
0x00000001237b3000 	/Library/Java/JavaVirtualMachines/jdk1.8.0_131.jdk/Contents/Home/jre/lib/./libosxapp.dylib
0x0000000055635000 	/System/Library/Frameworks/ExceptionHandling.framework/Versions/A/ExceptionHandling
0x0000000055635000 	/System/Library/PrivateFrameworks/CoreServicesInternal.framework/Versions/A/CoreServicesInternal
0x0000000055635000 	/System/Library/CoreServices/RawCamera.bundle/Contents/MacOS/RawCamera
0x0000000123845000 	/System/Library/Frameworks/Accelerate.framework/Frameworks/vImage.framework/Versions/A/Libraries/libCGInterfaces.dylib
0x0000000055635000 	/System/Library/Frameworks/ApplicationServices.framework/Versions/A/Frameworks/ATS.framework/Versions/A/Resources/libTrueTypeScaler.dylib
0x00000001255f7000 	/System/Library/Frameworks/OpenGL.framework/Resources/GLEngine.bundle/GLEngine
0x0000000055635000 	/System/Library/Frameworks/OpenGL.framework/Versions/A/Libraries/libGLProgrammability.dylib
0x00000001257dc000 	/System/Library/Extensions/AppleIntelBDWGraphicsGLDriver.bundle/Contents/MacOS/AppleIntelBDWGraphicsGLDriver
0x0000000055635000 	/System/Library/PrivateFrameworks/GPUSupport.framework/Versions/A/Libraries/libGPUSupportMercury.dylib
0x000000012402e000 	/System/Library/Frameworks/OpenGL.framework/Resources//GLRendererFloat.bundle/GLRendererFloat
0x0000000055635000 	/System/Library/Frameworks/OpenCL.framework/Versions/A/Libraries/libcldcpuengine.dylib
0x0000000055635000 	/usr/lib/libcrypto.0.9.8.dylib
0x0000000055635000 	/System/Library/PrivateFrameworks/TrustEvaluationAgent.framework/Versions/A/TrustEvaluationAgent
0x0000000125f46000 	/System/Library/Extensions/AppleIntelBDWGraphicsMTLDriver.bundle/Contents/MacOS/AppleIntelBDWGraphicsMTLDriver
0x0000000055635000 	/System/Library/PrivateFrameworks/FamilyControls.framework/Versions/A/FamilyControls
0x0000000055635000 	/System/Library/PrivateFrameworks/CommerceKit.framework/Versions/A/Frameworks/CommerceCore.framework/Versions/A/CommerceCore
0x0000000055635000 	/System/Library/PrivateFrameworks/SystemAdministration.framework/Versions/A/SystemAdministration
0x0000000055635000 	/System/Library/PrivateFrameworks/AppContainer.framework/Versions/A/AppContainer
0x0000000055635000 	/System/Library/PrivateFrameworks/SecCodeWrapper.framework/Versions/A/SecCodeWrapper
0x0000000055635000 	/System/Library/Frameworks/DirectoryService.framework/Versions/A/DirectoryService
0x0000000055635000 	/System/Library/PrivateFrameworks/DiskImages.framework/Versions/A/DiskImages
0x0000000055635000 	/System/Library/PrivateFrameworks/LoginUIKit.framework/Versions/A/Frameworks/LoginUICore.framework/Versions/A/LoginUICore
0x0000000055635000 	/usr/lib/libCoreStorage.dylib
0x0000000055635000 	/usr/lib/libcsfde.dylib
0x0000000055635000 	/usr/lib/libodfde.dylib
0x0000000055635000 	/System/Library/Frameworks/DiscRecording.framework/Versions/A/DiscRecording
0x0000000055635000 	/usr/lib/libcurl.4.dylib
0x0000000055635000 	/System/Library/PrivateFrameworks/MediaKit.framework/Versions/A/MediaKit
0x0000000055635000 	/System/Library/PrivateFrameworks/ProtectedCloudStorage.framework/Versions/A/ProtectedCloudStorage
0x0000000055635000 	/System/Library/PrivateFrameworks/EFILogin.framework/Versions/A/EFILogin
0x0000000055635000 	/usr/lib/libutil.dylib
0x0000000055635000 	/System/Library/Frameworks/LDAP.framework/Versions/A/LDAP
0x0000000055635000 	/usr/lib/libsasl2.2.dylib
0x0000000055635000 	/System/Library/PrivateFrameworks/CoreDaemon.framework/Versions/B/CoreDaemon
0x0000000055635000 	/System/Library/PrivateFrameworks/AppleSRP.framework/Versions/A/AppleSRP
0x0000000055635000 	/System/Library/PrivateFrameworks/APFS.framework/Versions/A/APFS
0x0000000127e2e000 	/Library/Java/JavaVirtualMachines/jdk1.8.0_131.jdk/Contents/Home/jre/lib/libfontmanager.dylib
0x00000001292b4000 	/Library/Java/JavaVirtualMachines/jdk1.8.0_131.jdk/Contents/Home/jre/lib/libosxui.dylib
0x000000012a021000 	/Library/Java/JavaVirtualMachines/jdk1.8.0_131.jdk/Contents/Home/jre/lib/libnet.dylib
0x000000012a038000 	/Library/Java/JavaVirtualMachines/jdk1.8.0_131.jdk/Contents/Home/jre/lib/libnio.dylib
0x0000000129219000 	/private/var/folders/_m/4vxkc9hd5kb34cv5dr39d98h0000gn/T/jogamp_0000/file_cache/jln2057611994428242881/jln7317281077341475603/libgluegen-rt.jnilib
0x000000012921d000 	/private/var/folders/_m/4vxkc9hd5kb34cv5dr39d98h0000gn/T/jogamp_0000/file_cache/jln2057611994428242881/jln7317281077341475603/libnativewindow_awt.jnilib
0x00000001554ed000 	/Library/Java/JavaVirtualMachines/jdk1.8.0_131.jdk/Contents/Home/jre/lib/libjawt.dylib
0x00000001554f0000 	/private/var/folders/_m/4vxkc9hd5kb34cv5dr39d98h0000gn/T/jogamp_0000/file_cache/jln2057611994428242881/jln7317281077341475603/libnativewindow_macosx.jnilib
0x00000001556fa000 	/private/var/folders/_m/4vxkc9hd5kb34cv5dr39d98h0000gn/T/jogamp_0000/file_cache/jln2057611994428242881/jln7317281077341475603/libjogl_desktop.jnilib
0x000000015b9ae000 	/Library/Java/JavaVirtualMachines/jdk1.8.0_131.jdk/Contents/Home/jre/lib/libsunec.dylib

VM Arguments:
jvm_args: -Djava.security.policy=java.policy.applet -Dfile.encoding=UTF-8 
java_command: sun.applet.AppletViewer module4.EarthquakeCityMap1496206903331.html
java_class_path (initial): /Users/anushkaweerasekarage/Documents/EclipsWorkspace/UCSDUnfoldingMaps/build:/Users/anushkaweerasekarage/Documents/EclipsWorkspace/UCSDUnfoldingMaps/lib/core.jar:/Users/anushkaweerasekarage/Documents/EclipsWorkspace/UCSDUnfoldingMaps/lib/gluegen-rt.jar:/Users/anushkaweerasekarage/Documents/EclipsWorkspace/UCSDUnfoldingMaps/lib/jogl-all.jar:/Users/anushkaweerasekarage/Documents/EclipsWorkspace/UCSDUnfoldingMaps/lib/log4j-1.2.15.jar:/Users/anushkaweerasekarage/Documents/EclipsWorkspace/UCSDUnfoldingMaps/lib/sqlite-jdbc-3.7.2.jar:/Users/anushkaweerasekarage/Documents/EclipsWorkspace/UCSDUnfoldingMaps/lib/json4processing.jar:/Users/anushkaweerasekarage/Documents/EclipsWorkspace/UCSDUnfoldingMaps/lib/libTUIO.jar:/Users/anushkaweerasekarage/Documents/EclipsWorkspace/UCSDUnfoldingMaps/lib/unfolding.0.9.7-uscd.jar
Launcher Type: SUN_STANDARD

Environment Variables:
PATH=/usr/bin:/bin:/usr/sbin:/sbin
SHELL=/bin/bash

Signal Handlers:
SIGSEGV: [libjvm.dylib+0x5b1eb1], sa_mask[0]=11111111011111110111111111111111, sa_flags=SA_ONSTACK|SA_RESTART|SA_SIGINFO
SIGBUS: [libjvm.dylib+0x5b1eb1], sa_mask[0]=11111111011111110111111111111111, sa_flags=SA_RESTART|SA_SIGINFO
SIGFPE: [libjvm.dylib+0x488988], sa_mask[0]=11111111011111110111111111111111, sa_flags=SA_RESTART|SA_SIGINFO
SIGPIPE: [libjvm.dylib+0x488988], sa_mask[0]=11111111011111110111111111111111, sa_flags=SA_RESTART|SA_SIGINFO
SIGXFSZ: [libjvm.dylib+0x488988], sa_mask[0]=11111111011111110111111111111111, sa_flags=SA_RESTART|SA_SIGINFO
SIGILL: [libjvm.dylib+0x488988], sa_mask[0]=11111111011111110111111111111111, sa_flags=SA_RESTART|SA_SIGINFO
SIGUSR1: SIG_DFL, sa_mask[0]=00000000000000000000000000000000, sa_flags=none
SIGUSR2: [libjvm.dylib+0x4884a6], sa_mask[0]=00100000000000000000000000000000, sa_flags=SA_RESTART|SA_SIGINFO
SIGHUP: [libjvm.dylib+0x486a7d], sa_mask[0]=11111111011111110111111111111111, sa_flags=SA_RESTART|SA_SIGINFO
SIGINT: [libjvm.dylib+0x486a7d], sa_mask[0]=11111111011111110111111111111111, sa_flags=SA_RESTART|SA_SIGINFO
SIGTERM: [libjvm.dylib+0x486a7d], sa_mask[0]=11111111011111110111111111111111, sa_flags=SA_RESTART|SA_SIGINFO
SIGQUIT: [libjvm.dylib+0x486a7d], sa_mask[0]=11111111011111110111111111111111, sa_flags=SA_RESTART|SA_SIGINFO


---------------  S Y S T E M  ---------------

OS:Bsduname:Darwin 16.6.0 Darwin Kernel Version 16.6.0: Fri Apr 14 16:21:16 PDT 2017; root:xnu-3789.60.24~6/RELEASE_X86_64 x86_64
rlimit: STACK 8192k, CORE 0k, NPROC 709, NOFILE 10240, AS infinity
load average:1.34 1.42 1.38

CPU:total 4 (initial active 4) (2 cores per cpu, 2 threads per core) family 6 model 61 stepping 4, cmov, cx8, fxsr, mmx, sse, sse2, sse3, ssse3, sse4.1, sse4.2, popcnt, avx, avx2, aes, clmul, erms, 3dnowpref, lzcnt, ht, tsc, tscinvbit, bmi1, bmi2, adx

Memory: 4k page, physical 8388608k(2560004k free)

/proc/meminfo:


vm_info: Java HotSpot(TM) 64-Bit Server VM (25.131-b11) for bsd-amd64 JRE (1.8.0_131-b11), built on Mar 15 2017 01:32:22 by "java_re" with gcc 4.2.1 (Based on Apple Inc. build 5658) (LLVM build 2336.11.00)

time: Wed May 31 01:01:54 2017
elapsed time: 11 seconds (0d 0h 0m 11s)

