#
# A fatal error has been detected by the Java Runtime Environment:
#
#  SIGSEGV (0xb) at pc=0x00007fffdf8b905d, pid=1029, tid=0x0000000000000307
#
# JRE version: Java(TM) SE Runtime Environment (8.0_131-b11) (build 1.8.0_131-b11)
# Java VM: Java HotSpot(TM) 64-Bit Server VM (25.131-b11 mixed mode bsd-amd64 compressed oops)
# Problematic frame:
# C  [libobjc.A.dylib+0x705d]  objc_msgSend+0x1d
#
# Failed to write core dump. Core dumps have been disabled. To enable core dumping, try "ulimit -c unlimited" before starting Java again
#
# If you would like to submit a bug report, please visit:
#   http://bugreport.java.com/bugreport/crash.jsp
# The crash happened outside the Java Virtual Machine in native code.
# See problematic frame for where to report the bug.
#

---------------  T H R E A D  ---------------

Current thread (0x00007fd27e0d4000):  JavaThread "AWT-AppKit" daemon [_thread_in_native, id=775, stack(0x00007fff5e584000,0x00007fff5ed84000)]

siginfo: si_signo: 11 (SIGSEGV), si_code: 1 (SEGV_MAPERR), si_addr: 0x000007fd27ce9550

Registers:
RAX=0x00007fd27cf77600, RBX=0x000000014bbba450, RCX=0x00007fd27f202740, RDX=0x0000000000000000
RSP=0x00007fff5ed7f398, RBP=0x00007fff5ed7f450, RSI=0x00007fffc9153116, RDI=0x00007fd281d01b80
R8 =0x0000000000000018, R9 =0x00007fd27f202760, R10=0x000007fd27ce9538, R11=0x00007fffc9153116
R12=0x0000000000000000, R13=0x000000014fc3b4b8, R14=0x000000014bbba440, R15=0x00007fd27e0d4000
RIP=0x00007fffdf8b905d, EFLAGS=0x0000000000010202, ERR=0x0000000000000004
  TRAPNO=0x000000000000000e

Top of Stack: (sp=0x00007fff5ed7f398)
0x00007fff5ed7f398:   000000014bbb8157 00007fff5ed7f3f0
0x00007fff5ed7f3a8:   0000000000000003 00007fff5ed7f3d0
0x00007fff5ed7f3b8:   00000001010ec6d2 000000014fc3b4b8
0x00007fff5ed7f3c8:   000000014fc3b4b8 00007fd27cf77600
0x00007fff5ed7f3d8:   000000014bbba6a0 000000014bbba710
0x00007fff5ed7f3e8:   00007fffe591d6d0 00007fffe654d1e0
0x00007fff5ed7f3f8:   000000014bbba450 000000014bbba690
0x00007fff5ed7f408:   00007fd27cf77600 00007fd281d01b80
0x00007fff5ed7f418:   00007fd2819587d0 00007fd27cf77600
0x00007fff5ed7f428:   00007fd281d01b80 00007fff5ed7f4d0
0x00007fff5ed7f438:   00007fd27e0d41f8 000000014fc3b4b8
0x00007fff5ed7f448:   00007fff5ed7f4f8 00007fff5ed7f4c0
0x00007fff5ed7f458:   000000010e52c9f4 00007fff5ed7f4c0
0x00007fff5ed7f468:   000000010e52c779 000000010e5389a3
0x00007fff5ed7f478:   000000010e52c742 00007fff5ed7f480
0x00007fff5ed7f488:   000000014fc3b4b8 00007fff5ed7f4f8
0x00007fff5ed7f498:   000000014fc3e0f0 0000000000000000
0x00007fff5ed7f4a8:   000000014fc3b4b8 0000000000000000
0x00007fff5ed7f4b8:   00007fff5ed7f4e0 00007fff5ed7f540
0x00007fff5ed7f4c8:   000000010e51d2bd 000000074058cdc8
0x00007fff5ed7f4d8:   000000010e526538 00007fd27cf77600
0x00007fff5ed7f4e8:   000000010e527e39 00007fd281d01b80
0x00007fff5ed7f4f8:   000000010e527e02 00007fff5ed7f500
0x00007fff5ed7f508:   000000014fc3b682 00007fff5ed7f568
0x00007fff5ed7f518:   000000014fc3e0f0 0000000000000000
0x00007fff5ed7f528:   000000014fc3b690 00007fff5ed7f4e0
0x00007fff5ed7f538:   00007fff5ed7f550 00007fff5ed7f5b0
0x00007fff5ed7f548:   000000010e51d2bd 00007fd27cf77600
0x00007fff5ed7f558:   0000000740308c28 00007fd281d01b80
0x00007fff5ed7f568:   0000000740308c28 00007fff5ed7f570
0x00007fff5ed7f578:   00000001523994ae 00007fff5ed7f5c0
0x00007fff5ed7f588:   0000000152399568 0000000000000000 

Instructions: (pc=0x00007fffdf8b905d)
0x00007fffdf8b903d:   0f 1f 00 48 85 ff 2e 74 62 40 f6 c7 01 2e 75 66
0x00007fffdf8b904d:   49 ba f8 ff ff ff ff 7f 00 00 4c 23 17 49 89 f3
0x00007fffdf8b905d:   45 23 5a 18 49 c1 e3 04 4d 03 5a 10 49 3b 33 75
0x00007fffdf8b906d:   04 41 ff 63 08 49 83 3b 01 76 0d 49 83 c3 10 49 

Register to memory mapping:

RAX=0x00007fd27cf77600 is an unknown value
RBX=0x000000014bbba450: Java_jogamp_nativewindow_macosx_OSXUtil_GetScreenRefreshRate0+0x1cf0 in /private/var/folders/_m/4vxkc9hd5kb34cv5dr39d98h0000gn/T/jogamp_0000/file_cache/jln3865687148163783902/jln1985221370982713718/libnativewindow_macosx.jnilib at 0x000000014bbb3000
RCX=0x00007fd27f202740 is an unknown value
RDX=0x0000000000000000 is an unknown value
RSP=0x00007fff5ed7f398 is pointing into the stack for thread: 0x00007fd27e0d4000
RBP=0x00007fff5ed7f450 is pointing into the stack for thread: 0x00007fd27e0d4000
RSI=0x00007fffc9153116: __NSStyleNameIndexTable+0x7fd5e in /System/Library/Frameworks/AppKit.framework/Versions/C/AppKit at 0x00007fffc84e6000
RDI=0x00007fd281d01b80 is an unknown value
R8 =0x0000000000000018 is an unknown value
R9 =0x00007fd27f202760 is an unknown value
R10=0x000007fd27ce9538 is an unknown value
R11=0x00007fffc9153116: __NSStyleNameIndexTable+0x7fd5e in /System/Library/Frameworks/AppKit.framework/Versions/C/AppKit at 0x00007fffc84e6000
R12=0x0000000000000000 is an unknown value
R13={method} {0x000000014fc3b4b8} 'UnsetJAWTRootSurfaceLayer0' '(JJ)V' in 'jogamp/nativewindow/jawt/macosx/MacOSXJAWTWindow'
R14=0x000000014bbba440: Java_jogamp_nativewindow_macosx_OSXUtil_GetScreenRefreshRate0+0x1ce0 in /private/var/folders/_m/4vxkc9hd5kb34cv5dr39d98h0000gn/T/jogamp_0000/file_cache/jln3865687148163783902/jln1985221370982713718/libnativewindow_macosx.jnilib at 0x000000014bbb3000
R15=0x00007fd27e0d4000 is a thread


Stack: [0x00007fff5e584000,0x00007fff5ed84000],  sp=0x00007fff5ed7f398,  free space=8172k
Native frames: (J=compiled Java code, j=interpreted, Vv=VM code, C=native code)
C  [libobjc.A.dylib+0x705d]  objc_msgSend+0x1d
j  jogamp.nativewindow.jawt.macosx.MacOSXJAWTWindow.UnsetJAWTRootSurfaceLayer0(JJ)V+0
j  jogamp.nativewindow.jawt.macosx.MacOSXJAWTWindow.access$200(JJ)V+2
j  jogamp.nativewindow.jawt.macosx.MacOSXJAWTWindow$1.run()V+38
j  com.jogamp.common.util.RunnableTask.run()V+24
v  ~StubRoutines::call_stub
V  [libjvm.dylib+0x2ee5b6]
V  [libjvm.dylib+0x325765]
V  [libjvm.dylib+0x317f33]
C  [libnativewindow_macosx.jnilib+0x5326]  Java_jogamp_nativewindow_jawt_macosx_MacOSXJAWTWindow_UnsetJAWTRootSurfaceLayer0+0x2b6
C  [Foundation+0x717ba]  __NSThreadPerformPerform+0x146
C  [CoreFoundation+0xa7321]  __CFRUNLOOP_IS_CALLING_OUT_TO_A_SOURCE0_PERFORM_FUNCTION__+0x11
C  [CoreFoundation+0x8821d]  __CFRunLoopDoSources0+0x22d
C  [CoreFoundation+0x87716]  __CFRunLoopRun+0x3a6
C  [CoreFoundation+0x87114]  CFRunLoopRunSpecific+0x1a4
C  [HIToolbox+0x30ebc]  RunCurrentEventLoopInMode+0xf0
C  [HIToolbox+0x30bf9]  ReceiveNextEventCommon+0xb8
C  [HIToolbox+0x30b26]  _BlockUntilNextEventMatchingListInModeWithFilter+0x47
C  [AppKit+0x46a54]  _DPSNextEvent+0x460
C  [AppKit+0x7c27ee]  -[NSApplication(NSEvent) _nextEventMatchingEventMask:untilDate:inMode:dequeue:]+0xaec
C  [libosxapp.dylib+0x23aa]  -[NSApplicationAWT nextEventMatchingMask:untilDate:inMode:dequeue:]+0x7c
C  [AppKit+0x3b3db]  -[NSApplication run]+0x39e
C  [libosxapp.dylib+0x214d]  +[NSApplicationAWT runAWTLoopWithApp:]+0x9c
C  [libawt_lwawt.dylib+0x45edf]  -[AWTStarter starter:]+0x389
C  [Foundation+0x717ba]  __NSThreadPerformPerform+0x146
C  [CoreFoundation+0xa7321]  __CFRUNLOOP_IS_CALLING_OUT_TO_A_SOURCE0_PERFORM_FUNCTION__+0x11
C  [CoreFoundation+0x8821d]  __CFRunLoopDoSources0+0x22d
C  [CoreFoundation+0x87716]  __CFRunLoopRun+0x3a6
C  [CoreFoundation+0x87114]  CFRunLoopRunSpecific+0x1a4
C  [java+0x6465]  CreateExecutionEnvironment+0x367
C  [java+0x218c]  JLI_Launch+0x7a0
C  [java+0x84c2]  main+0x65
C  [java+0x19e4]  start+0x34
C  0x0000000000000007

Java frames: (J=compiled Java code, j=interpreted, Vv=VM code)
j  jogamp.nativewindow.jawt.macosx.MacOSXJAWTWindow.UnsetJAWTRootSurfaceLayer0(JJ)V+0
j  jogamp.nativewindow.jawt.macosx.MacOSXJAWTWindow.access$200(JJ)V+2
j  jogamp.nativewindow.jawt.macosx.MacOSXJAWTWindow$1.run()V+38
j  com.jogamp.common.util.RunnableTask.run()V+24
v  ~StubRoutines::call_stub

---------------  P R O C E S S  ---------------

Java Threads: ( => current thread )
  0x00007fd27da6c800 JavaThread "Thread-19" [_thread_blocked, id=6179, stack(0x000070000c78e000,0x000070000c88e000)]
  0x00007fd28492e800 JavaThread "Image Fetcher 3" daemon [_thread_blocked, id=70915, stack(0x000070000cfa6000,0x000070000d0a6000)]
  0x00007fd283a83000 JavaThread "Image Fetcher 2" daemon [_thread_blocked, id=70403, stack(0x000070000cea3000,0x000070000cfa3000)]
  0x00007fd2848df800 JavaThread "Image Fetcher 1" daemon [_thread_blocked, id=69891, stack(0x000070000cda0000,0x000070000cea0000)]
  0x00007fd27ddf8800 JavaThread "Image Fetcher 0" daemon [_thread_blocked, id=69379, stack(0x000070000cc9d000,0x000070000cd9d000)]
  0x00007fd2840d0000 JavaThread "Keep-Alive-Timer" daemon [_thread_blocked, id=68919, stack(0x000070000cb9a000,0x000070000cc9a000)]
  0x00007fd27e800000 JavaThread "Animation Thread" [_thread_blocked, id=63571, stack(0x000070000c505000,0x000070000c605000)]
  0x00007fd27e31b000 JavaThread "AWT-EventQueue-1" [_thread_in_native, id=63419, stack(0x000070000c608000,0x000070000c708000)]
  0x00007fd27e1ce000 JavaThread "DestroyJavaVM" [_thread_blocked, id=3587, stack(0x000070000ae37000,0x000070000af37000)]
  0x00007fd27e172800 JavaThread "AWT-EventQueue-0" [_thread_blocked, id=61955, stack(0x000070000c402000,0x000070000c502000)]
  0x00007fd27e852000 JavaThread "Java2D Disposer" daemon [_thread_blocked, id=58639, stack(0x000070000c179000,0x000070000c279000)]
  0x00007fd27e12c800 JavaThread "Java2D Queue Flusher" daemon [_thread_blocked, id=56583, stack(0x000070000c076000,0x000070000c176000)]
  0x00007fd27d9df000 JavaThread "AWT-Shutdown" [_thread_blocked, id=30495, stack(0x000070000be6d000,0x000070000bf6d000)]
=>0x00007fd27e0d4000 JavaThread "AWT-AppKit" daemon [_thread_in_native, id=775, stack(0x00007fff5e584000,0x00007fff5ed84000)]
  0x00007fd27e847800 JavaThread "Service Thread" daemon [_thread_blocked, id=18947, stack(0x000070000bc67000,0x000070000bd67000)]
  0x00007fd27e831800 JavaThread "C1 CompilerThread2" daemon [_thread_blocked, id=18435, stack(0x000070000bb64000,0x000070000bc64000)]
  0x00007fd27e830800 JavaThread "C2 CompilerThread1" daemon [_thread_blocked, id=17923, stack(0x000070000ba61000,0x000070000bb61000)]
  0x00007fd27e81a800 JavaThread "C2 CompilerThread0" daemon [_thread_blocked, id=17411, stack(0x000070000b95e000,0x000070000ba5e000)]
  0x00007fd27d80e800 JavaThread "Signal Dispatcher" daemon [_thread_blocked, id=16899, stack(0x000070000b85b000,0x000070000b95b000)]
  0x00007fd27d042000 JavaThread "Finalizer" daemon [_thread_blocked, id=12547, stack(0x000070000b6d5000,0x000070000b7d5000)]
  0x00007fd27d007800 JavaThread "Reference Handler" daemon [_thread_blocked, id=12035, stack(0x000070000b5d2000,0x000070000b6d2000)]

Other Threads:
  0x00007fd27e80f000 VMThread [stack: 0x000070000b4cf000,0x000070000b5cf000] [id=11523]
  0x00007fd27e836800 WatcherThread [stack: 0x000070000bd6a000,0x000070000be6a000] [id=19459]

VM state:not at safepoint (normal execution)

VM Mutex/Monitor currently owned by a thread: None

Heap:
 PSYoungGen      total 38400K, used 27133K [0x0000000795580000, 0x0000000798c00000, 0x00000007c0000000)
  eden space 33280K, 66% used [0x0000000795580000,0x0000000796b04008,0x0000000797600000)
  from space 5120K, 99% used [0x0000000797600000,0x0000000797afb450,0x0000000797b00000)
  to   space 5120K, 0% used [0x0000000798700000,0x0000000798700000,0x0000000798c00000)
 ParOldGen       total 69120K, used 15307K [0x0000000740000000, 0x0000000744380000, 0x0000000795580000)
  object space 69120K, 22% used [0x0000000740000000,0x0000000740ef2cd8,0x0000000744380000)
 Metaspace       used 24233K, capacity 24681K, committed 24880K, reserved 1071104K
  class space    used 2455K, capacity 2587K, committed 2608K, reserved 1048576K

Card table byte_map: [0x0000000102bc0000,0x0000000102fc1000] byte_map_base: 0x00000000ff1c0000

Marking Bits: (ParMarkBitMap*) 0x00000001017eaea0
 Begin Bits: [0x000000010326c000, 0x000000010526c000)
 End Bits:   [0x000000010526c000, 0x000000010726c000)

Polling page: 0x0000000101edf000

CodeCache: size=245760Kb used=8484Kb max_used=8495Kb free=237275Kb
 bounds [0x000000010e515000, 0x000000010ed75000, 0x000000011d515000]
 total_blobs=3497 nmethods=2551 adapters=859
 compilation: enabled

Compilation events (10 events):
Event: 9.326 Thread 0x00007fd27e831800 2775       3       java.awt.EventQueue::uncacheEQItem (53 bytes)
Event: 9.327 Thread 0x00007fd27e831800 nmethod 2775 0x000000010ed66c10 code [0x000000010ed66dc0, 0x000000010ed67488]
Event: 9.327 Thread 0x00007fd27e831800 2776       3       java.util.concurrent.locks.ReentrantLock$Sync::nonfairTryAcquire (67 bytes)
Event: 9.328 Thread 0x00007fd27e831800 nmethod 2776 0x000000010ed66190 code [0x000000010ed66340, 0x000000010ed66a68]
Event: 9.328 Thread 0x00007fd27e831800 2777       3       sun.java2d.pipe.PixelToParallelogramConverter::normalize (15 bytes)
Event: 9.328 Thread 0x00007fd27e831800 nmethod 2777 0x000000010ed60c10 code [0x000000010ed60dc0, 0x000000010ed61048]
Event: 9.340 Thread 0x00007fd27e830800 2778       4       java.util.HashMap$KeyIterator::next (8 bytes)
Event: 9.341 Thread 0x00007fd27e831800 2779       3       java.awt.EventQueue::coalesceEvent (86 bytes)
Event: 9.342 Thread 0x00007fd27e831800 nmethod 2779 0x000000010ed65090 code [0x000000010ed65280, 0x000000010ed65f98]
Event: 9.346 Thread 0x00007fd27e830800 nmethod 2778 0x000000010ed64bd0 code [0x000000010ed64d20, 0x000000010ed64f38]

GC Heap History (8 events):
Event: 2.777 GC heap before
{Heap before GC invocations=1 (full 0):
 PSYoungGen      total 38400K, used 33280K [0x0000000795580000, 0x0000000798000000, 0x00000007c0000000)
  eden space 33280K, 100% used [0x0000000795580000,0x0000000797600000,0x0000000797600000)
  from space 5120K, 0% used [0x0000000797b00000,0x0000000797b00000,0x0000000798000000)
  to   space 5120K, 0% used [0x0000000797600000,0x0000000797600000,0x0000000797b00000)
 ParOldGen       total 87552K, used 0K [0x0000000740000000, 0x0000000745580000, 0x0000000795580000)
  object space 87552K, 0% used [0x0000000740000000,0x0000000740000000,0x0000000745580000)
 Metaspace       used 16290K, capacity 16621K, committed 16768K, reserved 1064960K
  class space    used 1694K, capacity 1793K, committed 1920K, reserved 1048576K
Event: 2.784 GC heap after
Heap after GC invocations=1 (full 0):
 PSYoungGen      total 38400K, used 5051K [0x0000000795580000, 0x0000000798000000, 0x00000007c0000000)
  eden space 33280K, 0% used [0x0000000795580000,0x0000000795580000,0x0000000797600000)
  from space 5120K, 98% used [0x0000000797600000,0x0000000797aeecb8,0x0000000797b00000)
  to   space 5120K, 0% used [0x0000000797b00000,0x0000000797b00000,0x0000000798000000)
 ParOldGen       total 87552K, used 16K [0x0000000740000000, 0x0000000745580000, 0x0000000795580000)
  object space 87552K, 0% used [0x0000000740000000,0x0000000740004000,0x0000000745580000)
 Metaspace       used 16290K, capacity 16621K, committed 16768K, reserved 1064960K
  class space    used 1694K, capacity 1793K, committed 1920K, reserved 1048576K
}
Event: 4.573 GC heap before
{Heap before GC invocations=2 (full 0):
 PSYoungGen      total 38400K, used 37416K [0x0000000795580000, 0x0000000798000000, 0x00000007c0000000)
  eden space 33280K, 97% used [0x0000000795580000,0x000000079751b3f0,0x0000000797600000)
  from space 5120K, 98% used [0x0000000797600000,0x0000000797aeecb8,0x0000000797b00000)
  to   space 5120K, 0% used [0x0000000797b00000,0x0000000797b00000,0x0000000798000000)
 ParOldGen       total 87552K, used 16K [0x0000000740000000, 0x0000000745580000, 0x0000000795580000)
  object space 87552K, 0% used [0x0000000740000000,0x0000000740004000,0x0000000745580000)
 Metaspace       used 20831K, capacity 21255K, committed 21296K, reserved 1069056K
  class space    used 2182K, capacity 2326K, committed 2352K, reserved 1048576K
Event: 4.584 GC heap after
Heap after GC invocations=2 (full 0):
 PSYoungGen      total 38400K, used 5106K [0x0000000795580000, 0x0000000798000000, 0x00000007c0000000)
  eden space 33280K, 0% used [0x0000000795580000,0x0000000795580000,0x0000000797600000)
  from space 5120K, 99% used [0x0000000797b00000,0x0000000797ffcbf0,0x0000000798000000)
  to   space 5120K, 0% used [0x0000000797600000,0x0000000797600000,0x0000000797b00000)
 ParOldGen       total 87552K, used 3149K [0x0000000740000000, 0x0000000745580000, 0x0000000795580000)
  object space 87552K, 3% used [0x0000000740000000,0x00000007403136a8,0x0000000745580000)
 Metaspace       used 20831K, capacity 21255K, committed 21296K, reserved 1069056K
  class space    used 2182K, capacity 2326K, committed 2352K, reserved 1048576K
}
Event: 4.584 GC heap before
{Heap before GC invocations=3 (full 1):
 PSYoungGen      total 38400K, used 5106K [0x0000000795580000, 0x0000000798000000, 0x00000007c0000000)
  eden space 33280K, 0% used [0x0000000795580000,0x0000000795580000,0x0000000797600000)
  from space 5120K, 99% used [0x0000000797b00000,0x0000000797ffcbf0,0x0000000798000000)
  to   space 5120K, 0% used [0x0000000797600000,0x0000000797600000,0x0000000797b00000)
 ParOldGen       total 87552K, used 3149K [0x0000000740000000, 0x0000000745580000, 0x0000000795580000)
  object space 87552K, 3% used [0x0000000740000000,0x00000007403136a8,0x0000000745580000)
 Metaspace       used 20831K, capacity 21255K, committed 21296K, reserved 1069056K
  class space    used 2182K, capacity 2326K, committed 2352K, reserved 1048576K
Event: 4.629 GC heap after
Heap after GC invocations=3 (full 1):
 PSYoungGen      total 38400K, used 0K [0x0000000795580000, 0x0000000798000000, 0x00000007c0000000)
  eden space 33280K, 0% used [0x0000000795580000,0x0000000795580000,0x0000000797600000)
  from space 5120K, 0% used [0x0000000797b00000,0x0000000797b00000,0x0000000798000000)
  to   space 5120K, 0% used [0x0000000797600000,0x0000000797600000,0x0000000797b00000)
 ParOldGen       total 69120K, used 8134K [0x0000000740000000, 0x0000000744380000, 0x0000000795580000)
  object space 69120K, 11% used [0x0000000740000000,0x00000007407f1a38,0x0000000744380000)
 Metaspace       used 20831K, capacity 21255K, committed 21296K, reserved 1069056K
  class space    used 2182K, capacity 2326K, committed 2352K, reserved 1048576K
}
Event: 6.359 GC heap before
{Heap before GC invocations=4 (full 1):
 PSYoungGen      total 38400K, used 33043K [0x0000000795580000, 0x0000000798000000, 0x00000007c0000000)
  eden space 33280K, 99% used [0x0000000795580000,0x00000007975c4c30,0x0000000797600000)
  from space 5120K, 0% used [0x0000000797b00000,0x0000000797b00000,0x0000000798000000)
  to   space 5120K, 0% used [0x0000000797600000,0x0000000797600000,0x0000000797b00000)
 ParOldGen       total 69120K, used 8134K [0x0000000740000000, 0x0000000744380000, 0x0000000795580000)
  object space 69120K, 11% used [0x0000000740000000,0x00000007407f1a38,0x0000000744380000)
 Metaspace       used 23740K, capacity 24121K, committed 24368K, reserved 1071104K
  class space    used 2446K, capacity 2553K, committed 2608K, reserved 1048576K
Event: 6.373 GC heap after
Heap after GC invocations=4 (full 1):
 PSYoungGen      total 38400K, used 5101K [0x0000000795580000, 0x0000000798c00000, 0x00000007c0000000)
  eden space 33280K, 0% used [0x0000000795580000,0x0000000795580000,0x0000000797600000)
  from space 5120K, 99% used [0x0000000797600000,0x0000000797afb450,0x0000000797b00000)
  to   space 5120K, 0% used [0x0000000798700000,0x0000000798700000,0x0000000798c00000)
 ParOldGen       total 69120K, used 15307K [0x0000000740000000, 0x0000000744380000, 0x0000000795580000)
  object space 69120K, 22% used [0x0000000740000000,0x0000000740ef2cd8,0x0000000744380000)
 Metaspace       used 23740K, capacity 24121K, committed 24368K, reserved 1071104K
  class space    used 2446K, capacity 2553K, committed 2608K, reserved 1048576K
}

Deoptimization events (10 events):
Event: 5.003 Thread 0x00007fd27e31b000 Uncommon trap: reason=unstable_if action=reinterpret pc=0x000000010ea23fdc method=sun.nio.cs.UTF_8$Decoder.decodeArrayLoop(Ljava/nio/ByteBuffer;Ljava/nio/CharBuffer;)Ljava/nio/charset/CoderResult; @ 110
Event: 5.252 Thread 0x00007fd27e31b000 Uncommon trap: reason=unstable_if action=reinterpret pc=0x000000010e92ae60 method=sun.misc.FloatingDecimal.readJavaFormatString(Ljava/lang/String;)Lsun/misc/FloatingDecimal$ASCIIToBinaryConverter; @ 445
Event: 5.824 Thread 0x00007fd27e31b000 Uncommon trap: reason=unstable_if action=reinterpret pc=0x000000010eb46fbc method=com.jogamp.common.util.IntIntHashMap.get(I)I @ 28
Event: 6.107 Thread 0x00007fd27e31b000 Uncommon trap: reason=unstable_if action=reinterpret pc=0x000000010eb62420 method=jogamp.opengl.GLStateTracker.getInt(I[II)Z @ 20
Event: 9.339 Thread 0x00007fd27d054800 Uncommon trap: reason=bimorphic action=maybe_recompile pc=0x000000010eb15190 method=java.util.HashMap.putVal(ILjava/lang/Object;Ljava/lang/Object;ZZ)Ljava/lang/Object; @ 91
Event: 9.340 Thread 0x00007fd27d054800 Uncommon trap: reason=bimorphic action=maybe_recompile pc=0x000000010eb15190 method=java.util.HashMap.putVal(ILjava/lang/Object;Ljava/lang/Object;ZZ)Ljava/lang/Object; @ 91
Event: 9.340 Thread 0x00007fd27d054800 Uncommon trap: reason=bimorphic action=maybe_recompile pc=0x000000010eb15190 method=java.util.HashMap.putVal(ILjava/lang/Object;Ljava/lang/Object;ZZ)Ljava/lang/Object; @ 91
Event: 9.340 Thread 0x00007fd27d054800 Uncommon trap: reason=bimorphic action=maybe_recompile pc=0x000000010eb15190 method=java.util.HashMap.putVal(ILjava/lang/Object;Ljava/lang/Object;ZZ)Ljava/lang/Object; @ 91
Event: 9.340 Thread 0x00007fd27d054800 Uncommon trap: reason=bimorphic action=maybe_recompile pc=0x000000010eb10978 method=java.util.HashMap.putVal(ILjava/lang/Object;Ljava/lang/Object;ZZ)Ljava/lang/Object; @ 91
Event: 9.358 Thread 0x00007fd27da6c800 Uncommon trap: reason=predicate action=maybe_recompile pc=0x000000010ecc5e08 method=java.util.Vector.indexOf(Ljava/lang/Object;I)I @ 44

Internal exceptions (10 events):
Event: 0.233 Thread 0x00007fd27e800000 Exception <a 'java/lang/NoSuchFieldError': method resolution failed> (0x00000007957a6b50) thrown at [/Users/java_re/workspace/8-2-build-macosx-x86_64/jdk8u131/8869/hotspot/src/share/vm/prims/methodHandles.cpp, line 1146]
Event: 0.493 Thread 0x00007fd27e800000 Exception <a 'java/io/FileNotFoundException'> (0x00000007958222b0) thrown at [/Users/java_re/workspace/8-2-build-macosx-x86_64/jdk8u131/8869/hotspot/src/share/vm/prims/jni.cpp, line 709]
Event: 0.493 Thread 0x00007fd27e800000 Exception <a 'java/io/FileNotFoundException'> (0x0000000795822e90) thrown at [/Users/java_re/workspace/8-2-build-macosx-x86_64/jdk8u131/8869/hotspot/src/share/vm/prims/jni.cpp, line 709]
Event: 0.585 Thread 0x00007fd27e800000 Exception <a 'java/io/FileNotFoundException'> (0x00000007958b20a0) thrown at [/Users/java_re/workspace/8-2-build-macosx-x86_64/jdk8u131/8869/hotspot/src/share/vm/prims/jni.cpp, line 709]
Event: 2.495 Thread 0x00007fd27e800000 Exception <a 'java/lang/UnsatisfiedLinkError': com.jogamp.common.util.JarUtil.fixNativeLibAttribs(Ljava/lang/String;)Z> (0x0000000796c1db08) thrown at [/Users/java_re/workspace/8-2-build-macosx-x86_64/jdk8u131/8869/hotspot/src/share/vm/prims/nativeLookup.
Event: 2.786 Thread 0x00007fd27d042000 Exception <a 'java/lang/NullPointerException'> (0x00000007956a44e0) thrown at [/Users/java_re/workspace/8-2-build-macosx-x86_64/jdk8u131/8869/hotspot/src/share/vm/interpreter/linkResolver.cpp, line 1197]
Event: 3.765 Thread 0x00007fd27e31b000 Exception <a 'java/io/FileNotFoundException'> (0x0000000795fbc3b8) thrown at [/Users/java_re/workspace/8-2-build-macosx-x86_64/jdk8u131/8869/hotspot/src/share/vm/prims/jni.cpp, line 709]
Event: 3.765 Thread 0x00007fd27e31b000 Exception <a 'java/io/FileNotFoundException'> (0x0000000795fc30f0) thrown at [/Users/java_re/workspace/8-2-build-macosx-x86_64/jdk8u131/8869/hotspot/src/share/vm/prims/jni.cpp, line 709]
Event: 3.765 Thread 0x00007fd27e31b000 Implicit null exception at 0x000000010e6f70b6 to 0x000000010e6f7485
Event: 4.251 Thread 0x00007fd27e31b000 Implicit null exception at 0x000000010e8ce6c6 to 0x000000010e8ce90d

Events (10 events):
Event: 9.356 loading class java/awt/event/AWTEventListenerProxy
Event: 9.356 loading class java/awt/event/AWTEventListenerProxy done
Event: 9.356 loading class java/awt/Toolkit$ToolkitEventMulticaster
Event: 9.357 loading class java/awt/Toolkit$ToolkitEventMulticaster done
Event: 9.358 Thread 0x00007fd27d054800 Thread exited: 0x00007fd27d054800
Event: 9.358 Thread 0x00007fd27da6c800 Uncommon trap: trap_request=0xffffff86 fr.pc=0x000000010ecc5e08
Event: 9.358 Thread 0x00007fd27da6c800 DEOPT PACKING pc=0x000000010ecc5e08 sp=0x000070000c88d7f0
Event: 9.358 Thread 0x00007fd27da6c800 DEOPT UNPACKING pc=0x000000010e51a229 sp=0x000070000c88d7a0 mode 2
Event: 9.358 loading class java/awt/Window$1DisposeAction
Event: 9.358 loading class java/awt/Window$1DisposeAction done


Dynamic libraries:
0x0000000055635000 	/System/Library/Frameworks/Cocoa.framework/Versions/A/Cocoa
0x0000000055635000 	/System/Library/Frameworks/Security.framework/Versions/A/Security
0x0000000055635000 	/System/Library/Frameworks/ApplicationServices.framework/Versions/A/ApplicationServices
0x0000000055635000 	/usr/lib/libz.1.dylib
0x0000000055635000 	/usr/lib/libSystem.B.dylib
0x0000000055635000 	/usr/lib/libobjc.A.dylib
0x0000000055635000 	/System/Library/Frameworks/CoreFoundation.framework/Versions/A/CoreFoundation
0x0000000055635000 	/System/Library/Frameworks/Foundation.framework/Versions/C/Foundation
0x0000000055635000 	/System/Library/Frameworks/AppKit.framework/Versions/C/AppKit
0x0000000055635000 	/System/Library/Frameworks/CoreData.framework/Versions/A/CoreData
0x0000000055635000 	/System/Library/PrivateFrameworks/RemoteViewServices.framework/Versions/A/RemoteViewServices
0x0000000055635000 	/System/Library/PrivateFrameworks/UIFoundation.framework/Versions/A/UIFoundation
0x0000000055635000 	/System/Library/PrivateFrameworks/DFRFoundation.framework/Versions/A/DFRFoundation
0x0000000055635000 	/usr/lib/libenergytrace.dylib
0x0000000055635000 	/System/Library/PrivateFrameworks/SkyLight.framework/Versions/A/SkyLight
0x0000000055635000 	/System/Library/Frameworks/CoreGraphics.framework/Versions/A/CoreGraphics
0x0000000055635000 	/usr/lib/libScreenReader.dylib
0x0000000055635000 	/System/Library/Frameworks/Accelerate.framework/Versions/A/Accelerate
0x0000000055635000 	/System/Library/Frameworks/IOSurface.framework/Versions/A/IOSurface
0x0000000055635000 	/System/Library/Frameworks/AudioToolbox.framework/Versions/A/AudioToolbox
0x0000000055635000 	/System/Library/Frameworks/AudioUnit.framework/Versions/A/AudioUnit
0x0000000055635000 	/System/Library/PrivateFrameworks/DataDetectorsCore.framework/Versions/A/DataDetectorsCore
0x0000000055635000 	/System/Library/PrivateFrameworks/DesktopServicesPriv.framework/Versions/A/DesktopServicesPriv
0x0000000055635000 	/System/Library/Frameworks/Carbon.framework/Versions/A/Frameworks/HIToolbox.framework/Versions/A/HIToolbox
0x0000000055635000 	/usr/lib/libicucore.A.dylib
0x0000000055635000 	/System/Library/Frameworks/QuartzCore.framework/Versions/A/QuartzCore
0x0000000055635000 	/System/Library/Frameworks/Carbon.framework/Versions/A/Frameworks/SpeechRecognition.framework/Versions/A/SpeechRecognition
0x0000000055635000 	/usr/lib/libauto.dylib
0x0000000055635000 	/usr/lib/libxml2.2.dylib
0x0000000055635000 	/System/Library/PrivateFrameworks/CoreUI.framework/Versions/A/CoreUI
0x0000000055635000 	/System/Library/Frameworks/CoreAudio.framework/Versions/A/CoreAudio
0x0000000055635000 	/System/Library/Frameworks/DiskArbitration.framework/Versions/A/DiskArbitration
0x0000000055635000 	/usr/lib/liblangid.dylib
0x0000000055635000 	/System/Library/PrivateFrameworks/MultitouchSupport.framework/Versions/A/MultitouchSupport
0x0000000055635000 	/System/Library/Frameworks/IOKit.framework/Versions/A/IOKit
0x0000000055635000 	/usr/lib/libDiagnosticMessagesClient.dylib
0x0000000055635000 	/System/Library/Frameworks/CoreServices.framework/Versions/A/CoreServices
0x0000000055635000 	/System/Library/PrivateFrameworks/PerformanceAnalysis.framework/Versions/A/PerformanceAnalysis
0x0000000055635000 	/System/Library/PrivateFrameworks/GenerationalStorage.framework/Versions/A/GenerationalStorage
0x0000000055635000 	/System/Library/Frameworks/OpenGL.framework/Versions/A/OpenGL
0x0000000055635000 	/System/Library/Frameworks/CoreImage.framework/Versions/A/CoreImage
0x0000000055635000 	/System/Library/Frameworks/CoreText.framework/Versions/A/CoreText
0x0000000055635000 	/System/Library/Frameworks/ImageIO.framework/Versions/A/ImageIO
0x0000000055635000 	/System/Library/PrivateFrameworks/Backup.framework/Versions/A/Backup
0x0000000055635000 	/usr/lib/libarchive.2.dylib
0x0000000055635000 	/System/Library/Frameworks/CFNetwork.framework/Versions/A/CFNetwork
0x0000000055635000 	/System/Library/Frameworks/SystemConfiguration.framework/Versions/A/SystemConfiguration
0x0000000055635000 	/usr/lib/libCRFSuite.dylib
0x0000000055635000 	/usr/lib/libc++.1.dylib
0x0000000055635000 	/usr/lib/libc++abi.dylib
0x0000000055635000 	/usr/lib/system/libcache.dylib
0x0000000055635000 	/usr/lib/system/libcommonCrypto.dylib
0x0000000055635000 	/usr/lib/system/libcompiler_rt.dylib
0x0000000055635000 	/usr/lib/system/libcopyfile.dylib
0x0000000055635000 	/usr/lib/system/libcorecrypto.dylib
0x0000000055635000 	/usr/lib/system/libdispatch.dylib
0x0000000055635000 	/usr/lib/system/libdyld.dylib
0x0000000055635000 	/usr/lib/system/libkeymgr.dylib
0x0000000055635000 	/usr/lib/system/liblaunch.dylib
0x0000000055635000 	/usr/lib/system/libmacho.dylib
0x0000000055635000 	/usr/lib/system/libquarantine.dylib
0x0000000055635000 	/usr/lib/system/libremovefile.dylib
0x0000000055635000 	/usr/lib/system/libsystem_asl.dylib
0x0000000055635000 	/usr/lib/system/libsystem_blocks.dylib
0x0000000055635000 	/usr/lib/system/libsystem_c.dylib
0x0000000055635000 	/usr/lib/system/libsystem_configuration.dylib
0x0000000055635000 	/usr/lib/system/libsystem_coreservices.dylib
0x0000000055635000 	/usr/lib/system/libsystem_coretls.dylib
0x0000000055635000 	/usr/lib/system/libsystem_dnssd.dylib
0x0000000055635000 	/usr/lib/system/libsystem_info.dylib
0x0000000055635000 	/usr/lib/system/libsystem_kernel.dylib
0x0000000055635000 	/usr/lib/system/libsystem_m.dylib
0x0000000055635000 	/usr/lib/system/libsystem_malloc.dylib
0x0000000055635000 	/usr/lib/system/libsystem_network.dylib
0x0000000055635000 	/usr/lib/system/libsystem_networkextension.dylib
0x0000000055635000 	/usr/lib/system/libsystem_notify.dylib
0x0000000055635000 	/usr/lib/system/libsystem_platform.dylib
0x0000000055635000 	/usr/lib/system/libsystem_pthread.dylib
0x0000000055635000 	/usr/lib/system/libsystem_sandbox.dylib
0x0000000055635000 	/usr/lib/system/libsystem_secinit.dylib
0x0000000055635000 	/usr/lib/system/libsystem_symptoms.dylib
0x0000000055635000 	/usr/lib/system/libsystem_trace.dylib
0x0000000055635000 	/usr/lib/system/libunwind.dylib
0x0000000055635000 	/usr/lib/system/libxpc.dylib
0x0000000055635000 	/usr/lib/libbsm.0.dylib
0x0000000055635000 	/usr/lib/system/libkxld.dylib
0x0000000055635000 	/usr/lib/libcoretls.dylib
0x0000000055635000 	/usr/lib/libcoretls_cfhelpers.dylib
0x0000000055635000 	/usr/lib/libOpenScriptingUtil.dylib
0x0000000055635000 	/usr/lib/libpam.2.dylib
0x0000000055635000 	/usr/lib/libsqlite3.dylib
0x0000000055635000 	/usr/lib/libxar.1.dylib
0x0000000055635000 	/usr/lib/libbz2.1.0.dylib
0x0000000055635000 	/usr/lib/liblzma.5.dylib
0x0000000055635000 	/usr/lib/libnetwork.dylib
0x0000000055635000 	/usr/lib/libpcap.A.dylib
0x0000000055635000 	/System/Library/Frameworks/CoreServices.framework/Versions/A/Frameworks/FSEvents.framework/Versions/A/FSEvents
0x0000000055635000 	/System/Library/Frameworks/CoreServices.framework/Versions/A/Frameworks/CarbonCore.framework/Versions/A/CarbonCore
0x0000000055635000 	/System/Library/Frameworks/CoreServices.framework/Versions/A/Frameworks/Metadata.framework/Versions/A/Metadata
0x0000000055635000 	/System/Library/Frameworks/CoreServices.framework/Versions/A/Frameworks/OSServices.framework/Versions/A/OSServices
0x0000000055635000 	/System/Library/Frameworks/CoreServices.framework/Versions/A/Frameworks/SearchKit.framework/Versions/A/SearchKit
0x0000000055635000 	/System/Library/Frameworks/CoreServices.framework/Versions/A/Frameworks/AE.framework/Versions/A/AE
0x0000000055635000 	/System/Library/Frameworks/CoreServices.framework/Versions/A/Frameworks/LaunchServices.framework/Versions/A/LaunchServices
0x0000000055635000 	/System/Library/Frameworks/CoreServices.framework/Versions/A/Frameworks/DictionaryServices.framework/Versions/A/DictionaryServices
0x0000000055635000 	/System/Library/Frameworks/CoreServices.framework/Versions/A/Frameworks/SharedFileList.framework/Versions/A/SharedFileList
0x0000000055635000 	/System/Library/Frameworks/NetFS.framework/Versions/A/NetFS
0x0000000055635000 	/System/Library/PrivateFrameworks/NetAuth.framework/Versions/A/NetAuth
0x0000000055635000 	/System/Library/PrivateFrameworks/login.framework/Versions/A/Frameworks/loginsupport.framework/Versions/A/loginsupport
0x0000000055635000 	/System/Library/PrivateFrameworks/TCC.framework/Versions/A/TCC
0x0000000055635000 	/usr/lib/libmecabra.dylib
0x0000000055635000 	/System/Library/Frameworks/ApplicationServices.framework/Versions/A/Frameworks/ATS.framework/Versions/A/ATS
0x0000000055635000 	/System/Library/Frameworks/ApplicationServices.framework/Versions/A/Frameworks/ColorSync.framework/Versions/A/ColorSync
0x0000000055635000 	/System/Library/Frameworks/ApplicationServices.framework/Versions/A/Frameworks/HIServices.framework/Versions/A/HIServices
0x0000000055635000 	/System/Library/Frameworks/ApplicationServices.framework/Versions/A/Frameworks/LangAnalysis.framework/Versions/A/LangAnalysis
0x0000000055635000 	/System/Library/Frameworks/ApplicationServices.framework/Versions/A/Frameworks/PrintCore.framework/Versions/A/PrintCore
0x0000000055635000 	/System/Library/Frameworks/ApplicationServices.framework/Versions/A/Frameworks/QD.framework/Versions/A/QD
0x0000000055635000 	/System/Library/Frameworks/ApplicationServices.framework/Versions/A/Frameworks/SpeechSynthesis.framework/Versions/A/SpeechSynthesis
0x0000000055635000 	/System/Library/Frameworks/Accelerate.framework/Versions/A/Frameworks/vImage.framework/Versions/A/vImage
0x0000000055635000 	/System/Library/Frameworks/Accelerate.framework/Versions/A/Frameworks/vecLib.framework/Versions/A/vecLib
0x0000000055635000 	/System/Library/Frameworks/Accelerate.framework/Versions/A/Frameworks/vecLib.framework/Versions/A/libvDSP.dylib
0x0000000055635000 	/System/Library/Frameworks/Accelerate.framework/Versions/A/Frameworks/vecLib.framework/Versions/A/libBNNS.dylib
0x0000000055635000 	/System/Library/Frameworks/Accelerate.framework/Versions/A/Frameworks/vecLib.framework/Versions/A/libQuadrature.dylib
0x0000000055635000 	/System/Library/Frameworks/Accelerate.framework/Versions/A/Frameworks/vecLib.framework/Versions/A/libvMisc.dylib
0x0000000055635000 	/System/Library/Frameworks/Accelerate.framework/Versions/A/Frameworks/vecLib.framework/Versions/A/libLAPACK.dylib
0x0000000055635000 	/System/Library/Frameworks/Accelerate.framework/Versions/A/Frameworks/vecLib.framework/Versions/A/libBLAS.dylib
0x0000000055635000 	/System/Library/Frameworks/Accelerate.framework/Versions/A/Frameworks/vecLib.framework/Versions/A/libLinearAlgebra.dylib
0x0000000055635000 	/System/Library/Frameworks/Accelerate.framework/Versions/A/Frameworks/vecLib.framework/Versions/A/libSparseBLAS.dylib
0x0000000055635000 	/System/Library/Frameworks/ApplicationServices.framework/Versions/A/Frameworks/ATS.framework/Versions/A/Resources/libFontParser.dylib
0x0000000055635000 	/System/Library/Frameworks/ApplicationServices.framework/Versions/A/Frameworks/ATS.framework/Versions/A/Resources/libFontRegistry.dylib
0x0000000055635000 	/System/Library/Frameworks/ImageIO.framework/Versions/A/Resources/libJPEG.dylib
0x0000000055635000 	/System/Library/Frameworks/ImageIO.framework/Versions/A/Resources/libTIFF.dylib
0x0000000055635000 	/System/Library/Frameworks/ImageIO.framework/Versions/A/Resources/libPng.dylib
0x0000000055635000 	/System/Library/Frameworks/ImageIO.framework/Versions/A/Resources/libGIF.dylib
0x0000000055635000 	/System/Library/Frameworks/ImageIO.framework/Versions/A/Resources/libJP2.dylib
0x0000000055635000 	/System/Library/Frameworks/ImageIO.framework/Versions/A/Resources/libRadiance.dylib
0x0000000055635000 	/usr/lib/libcompression.dylib
0x0000000055635000 	/System/Library/PrivateFrameworks/AppleJPEG.framework/Versions/A/AppleJPEG
0x0000000055635000 	/usr/lib/libcups.2.dylib
0x0000000055635000 	/System/Library/Frameworks/Kerberos.framework/Versions/A/Kerberos
0x0000000055635000 	/System/Library/Frameworks/GSS.framework/Versions/A/GSS
0x0000000055635000 	/usr/lib/libresolv.9.dylib
0x0000000055635000 	/usr/lib/libiconv.2.dylib
0x0000000055635000 	/System/Library/PrivateFrameworks/Heimdal.framework/Versions/A/Heimdal
0x0000000055635000 	/usr/lib/libheimdal-asn1.dylib
0x0000000055635000 	/System/Library/Frameworks/OpenDirectory.framework/Versions/A/OpenDirectory
0x0000000055635000 	/System/Library/PrivateFrameworks/CommonAuth.framework/Versions/A/CommonAuth
0x0000000055635000 	/System/Library/Frameworks/OpenDirectory.framework/Versions/A/Frameworks/CFOpenDirectory.framework/Versions/A/CFOpenDirectory
0x0000000055635000 	/System/Library/Frameworks/SecurityFoundation.framework/Versions/A/SecurityFoundation
0x0000000055635000 	/System/Library/PrivateFrameworks/LanguageModeling.framework/Versions/A/LanguageModeling
0x0000000055635000 	/usr/lib/libmarisa.dylib
0x0000000055635000 	/usr/lib/libChineseTokenizer.dylib
0x0000000055635000 	/usr/lib/libcmph.dylib
0x0000000055635000 	/System/Library/PrivateFrameworks/CoreEmoji.framework/Versions/A/CoreEmoji
0x0000000055635000 	/System/Library/Frameworks/ServiceManagement.framework/Versions/A/ServiceManagement
0x0000000055635000 	/usr/lib/libxslt.1.dylib
0x0000000055635000 	/System/Library/Frameworks/Carbon.framework/Versions/A/Frameworks/Ink.framework/Versions/A/Ink
0x0000000055635000 	/System/Library/PrivateFrameworks/TextureIO.framework/Versions/A/TextureIO
0x0000000055635000 	/System/Library/Frameworks/Metal.framework/Versions/A/Metal
0x0000000055635000 	/usr/lib/libate.dylib
0x0000000055635000 	/System/Library/PrivateFrameworks/GPUCompiler.framework/libmetal_timestamp.dylib
0x0000000055635000 	/System/Library/Frameworks/OpenGL.framework/Versions/A/Libraries/libCoreFSCache.dylib
0x0000000055635000 	/System/Library/PrivateFrameworks/IOAccelerator.framework/Versions/A/IOAccelerator
0x0000000055635000 	/System/Library/Frameworks/CoreVideo.framework/Versions/A/CoreVideo
0x0000000055635000 	/usr/lib/libFosl_dynamic.dylib
0x0000000055635000 	/System/Library/PrivateFrameworks/MetalPerformanceShaders.framework/Versions/A/MetalPerformanceShaders
0x0000000055635000 	/System/Library/PrivateFrameworks/FaceCore.framework/Versions/A/FaceCore
0x0000000055635000 	/System/Library/Frameworks/OpenCL.framework/Versions/A/OpenCL
0x0000000055635000 	/System/Library/Frameworks/OpenGL.framework/Versions/A/Libraries/libGLU.dylib
0x0000000055635000 	/System/Library/Frameworks/OpenGL.framework/Versions/A/Libraries/libGFXShared.dylib
0x0000000055635000 	/System/Library/Frameworks/OpenGL.framework/Versions/A/Libraries/libGL.dylib
0x0000000055635000 	/System/Library/Frameworks/OpenGL.framework/Versions/A/Libraries/libGLImage.dylib
0x0000000055635000 	/System/Library/Frameworks/OpenGL.framework/Versions/A/Libraries/libCVMSPluginSupport.dylib
0x0000000055635000 	/System/Library/Frameworks/OpenGL.framework/Versions/A/Libraries/libCoreVMClient.dylib
0x0000000055635000 	/System/Library/PrivateFrameworks/CrashReporterSupport.framework/Versions/A/CrashReporterSupport
0x0000000055635000 	/System/Library/PrivateFrameworks/Sharing.framework/Versions/A/Sharing
0x0000000055635000 	/System/Library/PrivateFrameworks/IconServices.framework/Versions/A/IconServices
0x0000000055635000 	/System/Library/PrivateFrameworks/ProtocolBuffer.framework/Versions/A/ProtocolBuffer
0x0000000055635000 	/System/Library/PrivateFrameworks/Apple80211.framework/Versions/A/Apple80211
0x0000000055635000 	/System/Library/Frameworks/CoreWLAN.framework/Versions/A/CoreWLAN
0x0000000055635000 	/System/Library/PrivateFrameworks/CoreUtils.framework/Versions/A/CoreUtils
0x0000000055635000 	/System/Library/Frameworks/IOBluetooth.framework/Versions/A/IOBluetooth
0x0000000055635000 	/System/Library/PrivateFrameworks/CoreWiFi.framework/Versions/A/CoreWiFi
0x0000000055635000 	/System/Library/Frameworks/CoreBluetooth.framework/Versions/A/CoreBluetooth
0x0000000055635000 	/System/Library/Frameworks/CoreDisplay.framework/Versions/A/CoreDisplay
0x0000000055635000 	/System/Library/PrivateFrameworks/IOPresentment.framework/Versions/A/IOPresentment
0x0000000055635000 	/System/Library/PrivateFrameworks/DSExternalDisplay.framework/Versions/A/DSExternalDisplay
0x0000000055635000 	/System/Library/PrivateFrameworks/DebugSymbols.framework/Versions/A/DebugSymbols
0x0000000055635000 	/System/Library/PrivateFrameworks/CoreSymbolication.framework/Versions/A/CoreSymbolication
0x0000000055635000 	/System/Library/PrivateFrameworks/Symbolication.framework/Versions/A/Symbolication
0x0000000055635000 	/System/Library/PrivateFrameworks/AppleFSCompression.framework/Versions/A/AppleFSCompression
0x0000000055635000 	/System/Library/PrivateFrameworks/SpeechRecognitionCore.framework/Versions/A/SpeechRecognitionCore
0x0000000055635000 	/System/Library/PrivateFrameworks/ChunkingLibrary.framework/Versions/A/ChunkingLibrary
0x0000000100ef9000 	/Library/Java/JavaVirtualMachines/jdk1.8.0_131.jdk/Contents/Home/jre/lib/server/libjvm.dylib
0x0000000055635000 	/usr/lib/libstdc++.6.dylib
0x0000000101e9c000 	/Library/Java/JavaVirtualMachines/jdk1.8.0_131.jdk/Contents/Home/jre/lib/libverify.dylib
0x0000000101eaa000 	/Library/Java/JavaVirtualMachines/jdk1.8.0_131.jdk/Contents/Home/jre/lib/libjava.dylib
0x0000000101ee9000 	/Library/Java/JavaVirtualMachines/jdk1.8.0_131.jdk/Contents/Home/jre/lib/libzip.dylib
0x0000000109067000 	/System/Library/Frameworks/JavaVM.framework/Frameworks/JavaRuntimeSupport.framework/JavaRuntimeSupport
0x0000000109081000 	/System/Library/Frameworks/JavaVM.framework/Versions/A/Frameworks/JavaNativeFoundation.framework/Versions/A/JavaNativeFoundation
0x0000000101fef000 	/System/Library/Frameworks/JavaVM.framework/Versions/A/JavaVM
0x0000000055635000 	/System/Library/Frameworks/Carbon.framework/Versions/A/Carbon
0x0000000109096000 	/System/Library/PrivateFrameworks/JavaLaunching.framework/Versions/A/JavaLaunching
0x0000000055635000 	/System/Library/Frameworks/Carbon.framework/Versions/A/Frameworks/CommonPanels.framework/Versions/A/CommonPanels
0x0000000055635000 	/System/Library/Frameworks/Carbon.framework/Versions/A/Frameworks/Help.framework/Versions/A/Help
0x0000000055635000 	/System/Library/Frameworks/Carbon.framework/Versions/A/Frameworks/ImageCapture.framework/Versions/A/ImageCapture
0x0000000055635000 	/System/Library/Frameworks/Carbon.framework/Versions/A/Frameworks/OpenScripting.framework/Versions/A/OpenScripting
0x0000000055635000 	/System/Library/Frameworks/Carbon.framework/Versions/A/Frameworks/Print.framework/Versions/A/Print
0x0000000055635000 	/System/Library/Frameworks/Carbon.framework/Versions/A/Frameworks/SecurityHI.framework/Versions/A/SecurityHI
0x000000010a9e7000 	/Library/Java/JavaVirtualMachines/jdk1.8.0_131.jdk/Contents/Home/jre/lib/libawt.dylib
0x000000010aa8f000 	/Library/Java/JavaVirtualMachines/jdk1.8.0_131.jdk/Contents/Home/jre/lib/./libmlib_image.dylib
0x000000010ab5b000 	/Library/Java/JavaVirtualMachines/jdk1.8.0_131.jdk/Contents/Home/jre/lib/libawt_lwawt.dylib
0x000000010ac12000 	/Library/Java/JavaVirtualMachines/jdk1.8.0_131.jdk/Contents/Home/jre/lib/./libosxapp.dylib
0x0000000055635000 	/System/Library/Frameworks/ExceptionHandling.framework/Versions/A/ExceptionHandling
0x0000000055635000 	/System/Library/PrivateFrameworks/CoreServicesInternal.framework/Versions/A/CoreServicesInternal
0x0000000055635000 	/System/Library/CoreServices/RawCamera.bundle/Contents/MacOS/RawCamera
0x000000010aca6000 	/System/Library/Frameworks/Accelerate.framework/Frameworks/vImage.framework/Versions/A/Libraries/libCGInterfaces.dylib
0x0000000055635000 	/System/Library/Frameworks/ApplicationServices.framework/Versions/A/Frameworks/ATS.framework/Versions/A/Resources/libTrueTypeScaler.dylib
0x000000010c9a0000 	/System/Library/Frameworks/OpenGL.framework/Resources/GLEngine.bundle/GLEngine
0x0000000055635000 	/System/Library/Frameworks/OpenGL.framework/Versions/A/Libraries/libGLProgrammability.dylib
0x000000010cb85000 	/System/Library/Extensions/AppleIntelBDWGraphicsGLDriver.bundle/Contents/MacOS/AppleIntelBDWGraphicsGLDriver
0x0000000055635000 	/System/Library/PrivateFrameworks/GPUSupport.framework/Versions/A/Libraries/libGPUSupportMercury.dylib
0x000000010d2ef000 	/System/Library/Frameworks/OpenGL.framework/Resources//GLRendererFloat.bundle/GLRendererFloat
0x0000000055635000 	/System/Library/Frameworks/OpenCL.framework/Versions/A/Libraries/libcldcpuengine.dylib
0x0000000055635000 	/usr/lib/libcrypto.0.9.8.dylib
0x0000000055635000 	/System/Library/PrivateFrameworks/TrustEvaluationAgent.framework/Versions/A/TrustEvaluationAgent
0x000000010d323000 	/System/Library/Extensions/AppleIntelBDWGraphicsMTLDriver.bundle/Contents/MacOS/AppleIntelBDWGraphicsMTLDriver
0x0000000055635000 	/System/Library/PrivateFrameworks/FamilyControls.framework/Versions/A/FamilyControls
0x0000000055635000 	/System/Library/PrivateFrameworks/CommerceKit.framework/Versions/A/Frameworks/CommerceCore.framework/Versions/A/CommerceCore
0x0000000055635000 	/System/Library/PrivateFrameworks/SystemAdministration.framework/Versions/A/SystemAdministration
0x0000000055635000 	/System/Library/PrivateFrameworks/AppContainer.framework/Versions/A/AppContainer
0x0000000055635000 	/System/Library/PrivateFrameworks/SecCodeWrapper.framework/Versions/A/SecCodeWrapper
0x0000000055635000 	/System/Library/Frameworks/DirectoryService.framework/Versions/A/DirectoryService
0x0000000055635000 	/System/Library/PrivateFrameworks/DiskImages.framework/Versions/A/DiskImages
0x0000000055635000 	/System/Library/PrivateFrameworks/LoginUIKit.framework/Versions/A/Frameworks/LoginUICore.framework/Versions/A/LoginUICore
0x0000000055635000 	/usr/lib/libCoreStorage.dylib
0x0000000055635000 	/usr/lib/libcsfde.dylib
0x0000000055635000 	/usr/lib/libodfde.dylib
0x0000000055635000 	/System/Library/Frameworks/DiscRecording.framework/Versions/A/DiscRecording
0x0000000055635000 	/usr/lib/libcurl.4.dylib
0x0000000055635000 	/System/Library/PrivateFrameworks/MediaKit.framework/Versions/A/MediaKit
0x0000000055635000 	/System/Library/PrivateFrameworks/ProtectedCloudStorage.framework/Versions/A/ProtectedCloudStorage
0x0000000055635000 	/System/Library/PrivateFrameworks/EFILogin.framework/Versions/A/EFILogin
0x0000000055635000 	/usr/lib/libutil.dylib
0x0000000055635000 	/System/Library/Frameworks/LDAP.framework/Versions/A/LDAP
0x0000000055635000 	/usr/lib/libsasl2.2.dylib
0x0000000055635000 	/System/Library/PrivateFrameworks/CoreDaemon.framework/Versions/B/CoreDaemon
0x0000000055635000 	/System/Library/PrivateFrameworks/AppleSRP.framework/Versions/A/AppleSRP
0x0000000055635000 	/System/Library/PrivateFrameworks/APFS.framework/Versions/A/APFS
0x000000010e2b6000 	/Library/Java/JavaVirtualMachines/jdk1.8.0_131.jdk/Contents/Home/jre/lib/libfontmanager.dylib
0x000000011f7c0000 	/Library/Java/JavaVirtualMachines/jdk1.8.0_131.jdk/Contents/Home/jre/lib/libosxui.dylib
0x0000000120536000 	/Library/Java/JavaVirtualMachines/jdk1.8.0_131.jdk/Contents/Home/jre/lib/libnet.dylib
0x000000012054d000 	/Library/Java/JavaVirtualMachines/jdk1.8.0_131.jdk/Contents/Home/jre/lib/libnio.dylib
0x000000011f4b3000 	/private/var/folders/_m/4vxkc9hd5kb34cv5dr39d98h0000gn/T/jogamp_0000/file_cache/jln3865687148163783902/jln1985221370982713718/libgluegen-rt.jnilib
0x000000014bbad000 	/private/var/folders/_m/4vxkc9hd5kb34cv5dr39d98h0000gn/T/jogamp_0000/file_cache/jln3865687148163783902/jln1985221370982713718/libnativewindow_awt.jnilib
0x000000014bbb0000 	/Library/Java/JavaVirtualMachines/jdk1.8.0_131.jdk/Contents/Home/jre/lib/libjawt.dylib
0x000000014bbb3000 	/private/var/folders/_m/4vxkc9hd5kb34cv5dr39d98h0000gn/T/jogamp_0000/file_cache/jln3865687148163783902/jln1985221370982713718/libnativewindow_macosx.jnilib
0x000000014bbbd000 	/private/var/folders/_m/4vxkc9hd5kb34cv5dr39d98h0000gn/T/jogamp_0000/file_cache/jln3865687148163783902/jln1985221370982713718/libjogl_desktop.jnilib
0x00000001521ab000 	/Library/Java/JavaVirtualMachines/jdk1.8.0_131.jdk/Contents/Home/jre/lib/libsunec.dylib
0x000000010c936000 	/Library/Java/JavaVirtualMachines/jdk1.8.0_131.jdk/Contents/Home/jre/lib/libt2k.dylib

VM Arguments:
jvm_args: -Djava.security.policy=java.policy.applet -Dfile.encoding=UTF-8 
java_command: sun.applet.AppletViewer module4.EarthquakeCityMap1496285929308.html
java_class_path (initial): /Users/anushkaweerasekarage/Documents/EclipsWorkspace/UCSDUnfoldingMaps/build:/Users/anushkaweerasekarage/Documents/EclipsWorkspace/UCSDUnfoldingMaps/lib/core.jar:/Users/anushkaweerasekarage/Documents/EclipsWorkspace/UCSDUnfoldingMaps/lib/gluegen-rt.jar:/Users/anushkaweerasekarage/Documents/EclipsWorkspace/UCSDUnfoldingMaps/lib/jogl-all.jar:/Users/anushkaweerasekarage/Documents/EclipsWorkspace/UCSDUnfoldingMaps/lib/log4j-1.2.15.jar:/Users/anushkaweerasekarage/Documents/EclipsWorkspace/UCSDUnfoldingMaps/lib/sqlite-jdbc-3.7.2.jar:/Users/anushkaweerasekarage/Documents/EclipsWorkspace/UCSDUnfoldingMaps/lib/json4processing.jar:/Users/anushkaweerasekarage/Documents/EclipsWorkspace/UCSDUnfoldingMaps/lib/libTUIO.jar:/Users/anushkaweerasekarage/Documents/EclipsWorkspace/UCSDUnfoldingMaps/lib/unfolding.0.9.7-uscd.jar
Launcher Type: SUN_STANDARD

Environment Variables:
PATH=/usr/bin:/bin:/usr/sbin:/sbin
SHELL=/bin/bash

Signal Handlers:
SIGSEGV: [libjvm.dylib+0x5b1eb1], sa_mask[0]=11111111011111110111111111111111, sa_flags=SA_ONSTACK|SA_RESTART|SA_SIGINFO
SIGBUS: [libjvm.dylib+0x5b1eb1], sa_mask[0]=11111111011111110111111111111111, sa_flags=SA_RESTART|SA_SIGINFO
SIGFPE: [libjvm.dylib+0x488988], sa_mask[0]=11111111011111110111111111111111, sa_flags=SA_RESTART|SA_SIGINFO
SIGPIPE: [libjvm.dylib+0x488988], sa_mask[0]=11111111011111110111111111111111, sa_flags=SA_RESTART|SA_SIGINFO
SIGXFSZ: [libjvm.dylib+0x488988], sa_mask[0]=11111111011111110111111111111111, sa_flags=SA_RESTART|SA_SIGINFO
SIGILL: [libjvm.dylib+0x488988], sa_mask[0]=11111111011111110111111111111111, sa_flags=SA_RESTART|SA_SIGINFO
SIGUSR1: SIG_DFL, sa_mask[0]=00000000000000000000000000000000, sa_flags=none
SIGUSR2: [libjvm.dylib+0x4884a6], sa_mask[0]=00100000000000000000000000000000, sa_flags=SA_RESTART|SA_SIGINFO
SIGHUP: [libjvm.dylib+0x486a7d], sa_mask[0]=11111111011111110111111111111111, sa_flags=SA_RESTART|SA_SIGINFO
SIGINT: [libjvm.dylib+0x486a7d], sa_mask[0]=11111111011111110111111111111111, sa_flags=SA_RESTART|SA_SIGINFO
SIGTERM: [libjvm.dylib+0x486a7d], sa_mask[0]=11111111011111110111111111111111, sa_flags=SA_RESTART|SA_SIGINFO
SIGQUIT: [libjvm.dylib+0x486a7d], sa_mask[0]=11111111011111110111111111111111, sa_flags=SA_RESTART|SA_SIGINFO


---------------  S Y S T E M  ---------------

OS:Bsduname:Darwin 16.6.0 Darwin Kernel Version 16.6.0: Fri Apr 14 16:21:16 PDT 2017; root:xnu-3789.60.24~6/RELEASE_X86_64 x86_64
rlimit: STACK 8192k, CORE 0k, NPROC 709, NOFILE 10240, AS infinity
load average:2.91 1.55 1.37

CPU:total 4 (initial active 4) (2 cores per cpu, 2 threads per core) family 6 model 61 stepping 4, cmov, cx8, fxsr, mmx, sse, sse2, sse3, ssse3, sse4.1, sse4.2, popcnt, avx, avx2, aes, clmul, erms, 3dnowpref, lzcnt, ht, tsc, tscinvbit, bmi1, bmi2, adx

Memory: 4k page, physical 8388608k(3911724k free)

/proc/meminfo:


vm_info: Java HotSpot(TM) 64-Bit Server VM (25.131-b11) for bsd-amd64 JRE (1.8.0_131-b11), built on Mar 15 2017 01:32:22 by "java_re" with gcc 4.2.1 (Based on Apple Inc. build 5658) (LLVM build 2336.11.00)

time: Wed May 31 22:58:58 2017
elapsed time: 9 seconds (0d 0h 0m 9s)

